#
# A fatal error has been detected by the Java Runtime Environment:
#
#  EXCEPTION_ACCESS_VIOLATION (0xc0000005) at pc=0x00007ffa6a0f8748, pid=21724, tid=12520
#
# JRE version: OpenJDK Runtime Environment Corretto-11.0.17.8.1 (11.0.17+8) (build 11.0.17+8-LTS)
# Java VM: OpenJDK 64-Bit Server VM Corretto-11.0.17.8.1 (11.0.17+8-LTS, mixed mode, tiered, compressed oops, g1 gc, windows-amd64)
# Problematic frame:
# C  [jniLLVM.dll+0xea8748]
#
# No core dump will be written. Minidumps are not enabled by default on client versions of Windows
#
# If you would like to submit a bug report, please visit:
#   https://github.com/corretto/corretto-11/issues/
# The crash happened outside the Java Virtual Machine in native code.
# See problematic frame for where to report the bug.
#

---------------  S U M M A R Y ------------

Command Line: -agentlib:jdwp=transport=dt_socket,address=127.0.0.1:57635,suspend=y,server=n -javaagent:C:\Users\zhang'song\AppData\Local\JetBrains\IntelliJIdea2021.3\captureAgent\debugger-agent.jar -Dfile.encoding=UTF-8 Main D:\text.txt

Host: AMD Ryzen 5 4600H with Radeon Graphics         , 12 cores, 15G,  Windows 11 , 64 bit Build 22621 (10.0.22621.963)
Time: Mon Jan  2 20:11:36 2023  Windows 11 , 64 bit Build 22621 (10.0.22621.963) elapsed time: 9.222417 seconds (0d 0h 0m 9s)

---------------  T H R E A D  ---------------

Current thread (0x000001a450c8f800):  JavaThread "main" [_thread_in_native, id=12520, stack(0x00000025cfb00000,0x00000025cfc00000)]

Stack: [0x00000025cfb00000,0x00000025cfc00000],  sp=0x00000025cfbfe560,  free space=1017k
Native frames: (J=compiled Java code, j=interpreted, Vv=VM code, C=native code)
C  [jniLLVM.dll+0xea8748]

Java frames: (J=compiled Java code, j=interpreted, Vv=VM code)
j  org.bytedeco.llvm.global.LLVM.LLVMBuildLoad(Lorg/bytedeco/llvm/LLVM/LLVMBuilderRef;Lorg/bytedeco/llvm/LLVM/LLVMValueRef;Ljava/lang/String;)Lorg/bytedeco/llvm/LLVM/LLVMValueRef;+0
j  Visitor.getNumber(LSysYParser$ExpContext;)I+295
j  Visitor.visitPlusExp(LSysYParser$PlusExpContext;)Lorg/bytedeco/llvm/LLVM/LLVMValueRef;+9
j  Visitor.getNumber(LSysYParser$ExpContext;)I+122
j  Visitor.visitVarDef(LSysYParser$VarDefContext;)Lorg/bytedeco/llvm/LLVM/LLVMValueRef;+63
j  Visitor.visitVarDef(LSysYParser$VarDefContext;)Ljava/lang/Object;+2
j  SysYParser$VarDefContext.accept(Lorg/antlr/v4/runtime/tree/ParseTreeVisitor;)Ljava/lang/Object;+12
j  org.antlr.v4.runtime.tree.AbstractParseTreeVisitor.visitChildren(Lorg/antlr/v4/runtime/tree/RuleNode;)Ljava/lang/Object;+46
j  SysYParserBaseVisitor.visitVarDecl(LSysYParser$VarDeclContext;)Ljava/lang/Object;+2
j  SysYParser$VarDeclContext.accept(Lorg/antlr/v4/runtime/tree/ParseTreeVisitor;)Ljava/lang/Object;+12
j  org.antlr.v4.runtime.tree.AbstractParseTreeVisitor.visitChildren(Lorg/antlr/v4/runtime/tree/RuleNode;)Ljava/lang/Object;+46
j  SysYParserBaseVisitor.visitDecl(LSysYParser$DeclContext;)Ljava/lang/Object;+2
j  SysYParser$DeclContext.accept(Lorg/antlr/v4/runtime/tree/ParseTreeVisitor;)Ljava/lang/Object;+12
j  org.antlr.v4.runtime.tree.AbstractParseTreeVisitor.visitChildren(Lorg/antlr/v4/runtime/tree/RuleNode;)Ljava/lang/Object;+46
j  SysYParserBaseVisitor.visitBlockItem(LSysYParser$BlockItemContext;)Ljava/lang/Object;+2
j  SysYParser$BlockItemContext.accept(Lorg/antlr/v4/runtime/tree/ParseTreeVisitor;)Ljava/lang/Object;+12
j  org.antlr.v4.runtime.tree.AbstractParseTreeVisitor.visitChildren(Lorg/antlr/v4/runtime/tree/RuleNode;)Ljava/lang/Object;+46
j  SysYParserBaseVisitor.visitBlock(LSysYParser$BlockContext;)Ljava/lang/Object;+2
j  Visitor.visitBlock(LSysYParser$BlockContext;)Lorg/bytedeco/llvm/LLVM/LLVMValueRef;+42
j  Visitor.visitBlock(LSysYParser$BlockContext;)Ljava/lang/Object;+2
j  SysYParser$BlockContext.accept(Lorg/antlr/v4/runtime/tree/ParseTreeVisitor;)Ljava/lang/Object;+12
j  org.antlr.v4.runtime.tree.AbstractParseTreeVisitor.visitChildren(Lorg/antlr/v4/runtime/tree/RuleNode;)Ljava/lang/Object;+46
j  SysYParserBaseVisitor.visitFuncDef(LSysYParser$FuncDefContext;)Ljava/lang/Object;+2
j  Visitor.visitFuncDef(LSysYParser$FuncDefContext;)Lorg/bytedeco/llvm/LLVM/LLVMValueRef;+215
j  Visitor.visitFuncDef(LSysYParser$FuncDefContext;)Ljava/lang/Object;+2
j  SysYParser$FuncDefContext.accept(Lorg/antlr/v4/runtime/tree/ParseTreeVisitor;)Ljava/lang/Object;+12
j  org.antlr.v4.runtime.tree.AbstractParseTreeVisitor.visitChildren(Lorg/antlr/v4/runtime/tree/RuleNode;)Ljava/lang/Object;+46
j  SysYParserBaseVisitor.visitCompUnit(LSysYParser$CompUnitContext;)Ljava/lang/Object;+2
j  SysYParser$CompUnitContext.accept(Lorg/antlr/v4/runtime/tree/ParseTreeVisitor;)Ljava/lang/Object;+12
j  org.antlr.v4.runtime.tree.AbstractParseTreeVisitor.visitChildren(Lorg/antlr/v4/runtime/tree/RuleNode;)Ljava/lang/Object;+46
j  SysYParserBaseVisitor.visitProgram(LSysYParser$ProgramContext;)Ljava/lang/Object;+2
j  Visitor.visitProgram(LSysYParser$ProgramContext;)Lorg/bytedeco/llvm/LLVM/LLVMValueRef;+22
j  Visitor.visitProgram(LSysYParser$ProgramContext;)Ljava/lang/Object;+2
j  SysYParser$ProgramContext.accept(Lorg/antlr/v4/runtime/tree/ParseTreeVisitor;)Ljava/lang/Object;+12
j  org.antlr.v4.runtime.tree.AbstractParseTreeVisitor.visit(Lorg/antlr/v4/runtime/tree/ParseTree;)Ljava/lang/Object;+2
j  Main.main([Ljava/lang/String;)V+73
v  ~StubRoutines::call_stub

siginfo: EXCEPTION_ACCESS_VIOLATION (0xc0000005), reading address 0x0000000000000000


Register to memory mapping:

RIP=0x00007ffa6a0f8748 jniLLVM.dll
RAX=0x000001a4755400d0 points into unknown readable memory: 0x00656d614e6c6176 | 76 61 6c 4e 61 6d 65 00
RBX=0x0 is NULL
RCX=0x000001a4758e6aa0 points into unknown readable memory: 0x000001a4758e6ab0 | b0 6a 8e 75 a4 01 00 00
RDX=0x0 is NULL
RSP=0x00000025cfbfe560 is pointing into the stack for thread: 0x000001a450c8f800
RBP=0x000001a4758e6aa0 points into unknown readable memory: 0x000001a4758e6ab0 | b0 6a 8e 75 a4 01 00 00
RSI=0x0 is NULL
RDI=0x000001a450c8fb48 points into unknown readable memory: 0x00007ffae4f06e80 | 80 6e f0 e4 fa 7f 00 00
R8 =0x000001a4755400d0 points into unknown readable memory: 0x00656d614e6c6176 | 76 61 6c 4e 61 6d 65 00
R9 =0x0000000000000065 is an unknown value
R10=0x0000000716578028 is pointing into object: [B 
{0x0000000716578018} - klass: {type array byte}
 - length: 7
R11=0x000001a4755400d0 points into unknown readable memory: 0x00656d614e6c6176 | 76 61 6c 4e 61 6d 65 00
R12=0x0 is NULL
R13={method} {0x000001a477f31c80} 'LLVMBuildLoad' '(Lorg/bytedeco/llvm/LLVM/LLVMBuilderRef;Lorg/bytedeco/llvm/LLVM/LLVMValueRef;Ljava/lang/String;)Lorg/bytedeco/llvm/LLVM/LLVMValueRef;' in 'org/bytedeco/llvm/global/LLVM'
R14=0x0 is NULL
R15=0x000001a4755400d0 points into unknown readable memory: 0x00656d614e6c6176 | 76 61 6c 4e 61 6d 65 00


Registers:
RAX=0x000001a4755400d0, RBX=0x0000000000000000, RCX=0x000001a4758e6aa0, RDX=0x0000000000000000
RSP=0x00000025cfbfe560, RBP=0x000001a4758e6aa0, RSI=0x0000000000000000, RDI=0x000001a450c8fb48
R8 =0x000001a4755400d0, R9 =0x0000000000000065, R10=0x0000000716578028, R11=0x000001a4755400d0
R12=0x0000000000000000, R13=0x000001a477f31c78, R14=0x0000000000000000, R15=0x000001a4755400d0
RIP=0x00007ffa6a0f8748, EFLAGS=0x0000000000010202

Top of Stack: (sp=0x00000025cfbfe560)
0x00000025cfbfe560:   000001a450c8f800 0000000000000000
0x00000025cfbfe570:   0000000000000000 000001a4755400d0
0x00000025cfbfe580:   000001a44e9646b0 00007ffa693118a1
0x00000025cfbfe590:   000001a450c8f800 000001a450c8fb48
0x00000025cfbfe5a0:   0000000000000007 00000008000e8670
0x00000025cfbfe5b0:   000001a4755400d0 000001a450c8f800
0x00000025cfbfe5c0:   0000000000000000 00007ffa69320b53
0x00000025cfbfe5d0:   000001a4758e6aa0 0000000000000000
0x00000025cfbfe5e0:   000001a450c8fb48 000001a450c8fb48
0x00000025cfbfe5f0:   000001a450c8f800 00000025cfbfe6c0
0x00000025cfbfe600:   00000000000002ec 000001a4594164c2
0x00000025cfbfe610:   000001a477f31c78 00000025cfbfe690
0x00000025cfbfe620:   000000071656e6a8 00000025cfbfe690
0x00000025cfbfe630:   00000025cfbfe6b0 000001a459414510
0x00000025cfbfe640:   000001a459415d96 00000025cfbfe648
0x00000025cfbfe650:   000001a477f31c78 00000025cfbfe6c0 

Instructions: (pc=0x00007ffa6a0f8748)
0x00007ffa6a0f8648:   48 8b b4 24 98 00 00 00 48 8b 9c 24 90 00 00 00
0x00007ffa6a0f8658:   48 81 c4 80 00 00 00 41 5e c3 cc cc cc cc cc cc
0x00007ffa6a0f8668:   cc cc cc cc cc cc cc cc 48 89 5c 24 08 48 89 74
0x00007ffa6a0f8678:   24 10 57 48 81 ec 80 00 00 00 41 8b d9 48 8b fa
0x00007ffa6a0f8688:   48 8b f1 4d 85 c0 74 10 48 8b 49 30 49 8b d0 48
0x00007ffa6a0f8698:   8b 49 48 e8 b0 48 05 00 48 8b 84 24 b0 00 00 00
0x00007ffa6a0f86a8:   c6 44 24 51 01 80 38 00 74 0c 48 89 44 24 30 c6
0x00007ffa6a0f86b8:   44 24 50 03 eb 05 c6 44 24 50 01 45 33 c9 66 c7
0x00007ffa6a0f86c8:   44 24 78 01 01 4c 8d 44 24 58 8b d3 48 8b cf e8
0x00007ffa6a0f86d8:   f4 8f 06 00 48 8b 56 38 4c 8d 44 24 30 48 8b 4e
0x00007ffa6a0f86e8:   50 48 8b f8 4c 8b 4e 30 48 89 54 24 20 48 8b d0
0x00007ffa6a0f86f8:   4c 8b 11 41 ff 52 08 48 8b 1e 8b 76 08 48 c1 e6
0x00007ffa6a0f8708:   04 48 03 f3 48 3b de 74 17 4c 8b 43 08 48 8b cf
0x00007ffa6a0f8718:   8b 13 e8 41 74 09 00 48 83 c3 10 48 3b de 75 e9
0x00007ffa6a0f8728:   4c 8d 9c 24 80 00 00 00 48 8b c7 49 8b 5b 10 49
0x00007ffa6a0f8738:   8b 73 18 49 8b e3 5f c3 48 83 ec 68 41 80 38 00
0x00007ffa6a0f8748:   48 8b 02 66 c7 44 24 78 00 00 c6 44 24 51 01 74
0x00007ffa6a0f8758:   0c 4c 89 44 24 30 c6 44 24 50 03 eb 05 c6 44 24
0x00007ffa6a0f8768:   50 01 44 0f b7 4c 24 78 4c 8d 44 24 30 4c 89 44
0x00007ffa6a0f8778:   24 28 4c 8b c2 48 8b 50 18 c6 44 24 20 00 e8 55
0x00007ffa6a0f8788:   bc 4f ff 48 83 c4 68 c3 48 83 ec 68 41 80 39 00
0x00007ffa6a0f8798:   66 c7 84 24 88 00 00 00 00 00 c6 44 24 51 01 74
0x00007ffa6a0f87a8:   0c 4c 89 4c 24 30 c6 44 24 50 03 eb 05 c6 44 24
0x00007ffa6a0f87b8:   50 01 44 0f b7 8c 24 88 00 00 00 48 8d 44 24 30
0x00007ffa6a0f87c8:   48 89 44 24 28 c6 44 24 20 00 e8 09 bc 4f ff 48
0x00007ffa6a0f87d8:   83 c4 68 c3 cc cc cc cc 48 89 5c 24 08 48 89 6c
0x00007ffa6a0f87e8:   24 10 48 89 74 24 18 48 89 7c 24 20 41 56 48 81
0x00007ffa6a0f87f8:   ec 90 00 00 00 4c 8b f1 49 8b e8 48 8b 49 30 48
0x00007ffa6a0f8808:   8b fa e8 71 4f fd ff 48 8b c8 e8 b9 31 0b 00 48
0x00007ffa6a0f8818:   8b cf 48 8b d8 e8 8e 49 ff ff 48 8b d3 48 8b c8
0x00007ffa6a0f8828:   e8 43 58 ff ff 48 8d 4c 24 68 66 c7 84 24 88 00
0x00007ffa6a0f8838:   00 00 01 01 48 89 4c 24 30 4c 8b c8 33 c9 4c 8b 


Stack slot to memory mapping:
stack at sp + 0 slots: 0x000001a450c8f800 is a thread
stack at sp + 1 slots: 0x0 is NULL
stack at sp + 2 slots: 0x0 is NULL
stack at sp + 3 slots: 0x000001a4755400d0 points into unknown readable memory: 0x00656d614e6c6176 | 76 61 6c 4e 61 6d 65 00
stack at sp + 4 slots: 0x000001a44e9646b0 points into unknown readable memory: 0x0000000716578018 | 18 80 57 16 07 00 00 00
stack at sp + 5 slots: 0x00007ffa693118a1 jniLLVM.dll
stack at sp + 6 slots: 0x000001a450c8f800 is a thread
stack at sp + 7 slots: 0x000001a450c8fb48 points into unknown readable memory: 0x00007ffae4f06e80 | 80 6e f0 e4 fa 7f 00 00


---------------  P R O C E S S  ---------------

Threads class SMR info:
_java_thread_list=0x000001a475c61cb0, length=13, elements={
0x000001a450c8f800, 0x000001a4748e8800, 0x000001a4748e9800, 0x000001a475204000,
0x000001a475205000, 0x000001a475206000, 0x000001a47520a800, 0x000001a475213000,
0x000001a47521f800, 0x000001a4748a6000, 0x000001a475539800, 0x000001a47565e000,
0x000001a477179800
}

Java Threads: ( => current thread )
=>0x000001a450c8f800 JavaThread "main" [_thread_in_native, id=12520, stack(0x00000025cfb00000,0x00000025cfc00000)]
  0x000001a4748e8800 JavaThread "Reference Handler" daemon [_thread_blocked, id=26104, stack(0x00000025d0200000,0x00000025d0300000)]
  0x000001a4748e9800 JavaThread "Finalizer" daemon [_thread_blocked, id=26064, stack(0x00000025d0300000,0x00000025d0400000)]
  0x000001a475204000 JavaThread "Signal Dispatcher" daemon [_thread_blocked, id=23712, stack(0x00000025d0400000,0x00000025d0500000)]
  0x000001a475205000 JavaThread "Attach Listener" daemon [_thread_blocked, id=22232, stack(0x00000025d0500000,0x00000025d0600000)]
  0x000001a475206000 JavaThread "Service Thread" daemon [_thread_blocked, id=19492, stack(0x00000025d0600000,0x00000025d0700000)]
  0x000001a47520a800 JavaThread "C2 CompilerThread0" daemon [_thread_blocked, id=1312, stack(0x00000025d0700000,0x00000025d0800000)]
  0x000001a475213000 JavaThread "C1 CompilerThread0" daemon [_thread_blocked, id=16184, stack(0x00000025d0800000,0x00000025d0900000)]
  0x000001a47521f800 JavaThread "Sweeper thread" daemon [_thread_blocked, id=24996, stack(0x00000025d0900000,0x00000025d0a00000)]
  0x000001a4748a6000 JavaThread "Common-Cleaner" daemon [_thread_blocked, id=23200, stack(0x00000025d0a00000,0x00000025d0b00000)]
  0x000001a475539800 JavaThread "JDWP Event Helper Thread" daemon [_thread_blocked, id=24680, stack(0x00000025d0d00000,0x00000025d0e00000)]
  0x000001a47565e000 JavaThread "JavaCPP Deallocator" daemon [_thread_blocked, id=20808, stack(0x00000025d1000000,0x00000025d1100000)]
  0x000001a477179800 JavaThread "SIGINT handler" daemon [_thread_blocked, id=13540, stack(0x00000025d0b00000,0x00000025d0c00000)]

Other Threads:
  0x000001a4748e6000 VMThread "VM Thread" [stack: 0x00000025d0100000,0x00000025d0200000] [id=18940]
  0x000001a475683000 WatcherThread [stack: 0x00000025d0f00000,0x00000025d1000000] [id=25632]
  0x000001a450ca9800 GCTaskThread "GC Thread#0" [stack: 0x00000025cfc00000,0x00000025cfd00000] [id=22860]
  0x000001a475815800 GCTaskThread "GC Thread#1" [stack: 0x00000025d1100000,0x00000025d1200000] [id=22916]
  0x000001a475b5c000 GCTaskThread "GC Thread#2" [stack: 0x00000025d1200000,0x00000025d1300000] [id=16588]
  0x000001a475b5c800 GCTaskThread "GC Thread#3" [stack: 0x00000025d1300000,0x00000025d1400000] [id=4380]
  0x000001a475816800 GCTaskThread "GC Thread#4" [stack: 0x00000025d1400000,0x00000025d1500000] [id=12108]
  0x000001a450d05800 ConcurrentGCThread "G1 Main Marker" [stack: 0x00000025cfd00000,0x00000025cfe00000] [id=24144]
  0x000001a450d07800 ConcurrentGCThread "G1 Conc#0" [stack: 0x00000025cfe00000,0x00000025cff00000] [id=17156]
  0x000001a4747d2000 ConcurrentGCThread "G1 Refine#0" [stack: 0x00000025cff00000,0x00000025d0000000] [id=18044]
  0x000001a4747d5000 ConcurrentGCThread "G1 Young RemSet Sampling" [stack: 0x00000025d0000000,0x00000025d0100000] [id=24476]

Threads with active compile tasks:

VM state:not at safepoint (normal execution)

VM Mutex/Monitor currently owned by a thread: None

Heap address: 0x000000070a000000, size: 3936 MB, Compressed Oops mode: Zero based, Oop shift amount: 3
Narrow klass base: 0x0000000800000000, Narrow klass shift: 0
Compressed class space size: 1073741824 Address: 0x0000000800000000

Heap:
 garbage-first heap   total 251904K, used 53429K [0x000000070a000000, 0x0000000800000000)
  region size 1024K, 50 young (51200K), 3 survivors (3072K)
 Metaspace       used 10407K, capacity 10590K, committed 10880K, reserved 1058816K
  class space    used 981K, capacity 1040K, committed 1152K, reserved 1048576K
Heap Regions: E=young(eden), S=young(survivor), O=old, HS=humongous(starts), HC=humongous(continues), CS=collection set, F=free, A=archive, TAMS=top-at-mark-start (previous, next)
|   0|0x000000070a000000, 0x000000070a100000, 0x000000070a100000|100%| O|  |TAMS 0x000000070a000000, 0x000000070a000000| Untracked 
|   1|0x000000070a100000, 0x000000070a200000, 0x000000070a200000|100%| O|  |TAMS 0x000000070a100000, 0x000000070a100000| Untracked 
|   2|0x000000070a200000, 0x000000070a300000, 0x000000070a300000|100%| O|  |TAMS 0x000000070a200000, 0x000000070a200000| Untracked 
|   3|0x000000070a300000, 0x000000070a32d400, 0x000000070a400000| 17%| O|  |TAMS 0x000000070a300000, 0x000000070a300000| Untracked 
|   4|0x000000070a400000, 0x000000070a400000, 0x000000070a500000|  0%| F|  |TAMS 0x000000070a400000, 0x000000070a400000| Untracked 
|   5|0x000000070a500000, 0x000000070a500000, 0x000000070a600000|  0%| F|  |TAMS 0x000000070a500000, 0x000000070a500000| Untracked 
|   6|0x000000070a600000, 0x000000070a600000, 0x000000070a700000|  0%| F|  |TAMS 0x000000070a600000, 0x000000070a600000| Untracked 
|   7|0x000000070a700000, 0x000000070a700000, 0x000000070a800000|  0%| F|  |TAMS 0x000000070a700000, 0x000000070a700000| Untracked 
|   8|0x000000070a800000, 0x000000070a800000, 0x000000070a900000|  0%| F|  |TAMS 0x000000070a800000, 0x000000070a800000| Untracked 
|   9|0x000000070a900000, 0x000000070a900000, 0x000000070aa00000|  0%| F|  |TAMS 0x000000070a900000, 0x000000070a900000| Untracked 
|  10|0x000000070aa00000, 0x000000070aa00000, 0x000000070ab00000|  0%| F|  |TAMS 0x000000070aa00000, 0x000000070aa00000| Untracked 
|  11|0x000000070ab00000, 0x000000070ab00000, 0x000000070ac00000|  0%| F|  |TAMS 0x000000070ab00000, 0x000000070ab00000| Untracked 
|  12|0x000000070ac00000, 0x000000070ac00000, 0x000000070ad00000|  0%| F|  |TAMS 0x000000070ac00000, 0x000000070ac00000| Untracked 
|  13|0x000000070ad00000, 0x000000070ad00000, 0x000000070ae00000|  0%| F|  |TAMS 0x000000070ad00000, 0x000000070ad00000| Untracked 
|  14|0x000000070ae00000, 0x000000070ae00000, 0x000000070af00000|  0%| F|  |TAMS 0x000000070ae00000, 0x000000070ae00000| Untracked 
|  15|0x000000070af00000, 0x000000070af00000, 0x000000070b000000|  0%| F|  |TAMS 0x000000070af00000, 0x000000070af00000| Untracked 
|  16|0x000000070b000000, 0x000000070b000000, 0x000000070b100000|  0%| F|  |TAMS 0x000000070b000000, 0x000000070b000000| Untracked 
|  17|0x000000070b100000, 0x000000070b100000, 0x000000070b200000|  0%| F|  |TAMS 0x000000070b100000, 0x000000070b100000| Untracked 
|  18|0x000000070b200000, 0x000000070b200000, 0x000000070b300000|  0%| F|  |TAMS 0x000000070b200000, 0x000000070b200000| Untracked 
|  19|0x000000070b300000, 0x000000070b300000, 0x000000070b400000|  0%| F|  |TAMS 0x000000070b300000, 0x000000070b300000| Untracked 
|  20|0x000000070b400000, 0x000000070b400000, 0x000000070b500000|  0%| F|  |TAMS 0x000000070b400000, 0x000000070b400000| Untracked 
|  21|0x000000070b500000, 0x000000070b500000, 0x000000070b600000|  0%| F|  |TAMS 0x000000070b500000, 0x000000070b500000| Untracked 
|  22|0x000000070b600000, 0x000000070b600000, 0x000000070b700000|  0%| F|  |TAMS 0x000000070b600000, 0x000000070b600000| Untracked 
|  23|0x000000070b700000, 0x000000070b700000, 0x000000070b800000|  0%| F|  |TAMS 0x000000070b700000, 0x000000070b700000| Untracked 
|  24|0x000000070b800000, 0x000000070b800000, 0x000000070b900000|  0%| F|  |TAMS 0x000000070b800000, 0x000000070b800000| Untracked 
|  25|0x000000070b900000, 0x000000070b900000, 0x000000070ba00000|  0%| F|  |TAMS 0x000000070b900000, 0x000000070b900000| Untracked 
|  26|0x000000070ba00000, 0x000000070ba00000, 0x000000070bb00000|  0%| F|  |TAMS 0x000000070ba00000, 0x000000070ba00000| Untracked 
|  27|0x000000070bb00000, 0x000000070bb00000, 0x000000070bc00000|  0%| F|  |TAMS 0x000000070bb00000, 0x000000070bb00000| Untracked 
|  28|0x000000070bc00000, 0x000000070bc00000, 0x000000070bd00000|  0%| F|  |TAMS 0x000000070bc00000, 0x000000070bc00000| Untracked 
|  29|0x000000070bd00000, 0x000000070bd00000, 0x000000070be00000|  0%| F|  |TAMS 0x000000070bd00000, 0x000000070bd00000| Untracked 
|  30|0x000000070be00000, 0x000000070be00000, 0x000000070bf00000|  0%| F|  |TAMS 0x000000070be00000, 0x000000070be00000| Untracked 
|  31|0x000000070bf00000, 0x000000070bf00000, 0x000000070c000000|  0%| F|  |TAMS 0x000000070bf00000, 0x000000070bf00000| Untracked 
|  32|0x000000070c000000, 0x000000070c000000, 0x000000070c100000|  0%| F|  |TAMS 0x000000070c000000, 0x000000070c000000| Untracked 
|  33|0x000000070c100000, 0x000000070c100000, 0x000000070c200000|  0%| F|  |TAMS 0x000000070c100000, 0x000000070c100000| Untracked 
|  34|0x000000070c200000, 0x000000070c200000, 0x000000070c300000|  0%| F|  |TAMS 0x000000070c200000, 0x000000070c200000| Untracked 
|  35|0x000000070c300000, 0x000000070c300000, 0x000000070c400000|  0%| F|  |TAMS 0x000000070c300000, 0x000000070c300000| Untracked 
|  36|0x000000070c400000, 0x000000070c400000, 0x000000070c500000|  0%| F|  |TAMS 0x000000070c400000, 0x000000070c400000| Untracked 
|  37|0x000000070c500000, 0x000000070c500000, 0x000000070c600000|  0%| F|  |TAMS 0x000000070c500000, 0x000000070c500000| Untracked 
|  38|0x000000070c600000, 0x000000070c600000, 0x000000070c700000|  0%| F|  |TAMS 0x000000070c600000, 0x000000070c600000| Untracked 
|  39|0x000000070c700000, 0x000000070c700000, 0x000000070c800000|  0%| F|  |TAMS 0x000000070c700000, 0x000000070c700000| Untracked 
|  40|0x000000070c800000, 0x000000070c800000, 0x000000070c900000|  0%| F|  |TAMS 0x000000070c800000, 0x000000070c800000| Untracked 
|  41|0x000000070c900000, 0x000000070c900000, 0x000000070ca00000|  0%| F|  |TAMS 0x000000070c900000, 0x000000070c900000| Untracked 
|  42|0x000000070ca00000, 0x000000070ca00000, 0x000000070cb00000|  0%| F|  |TAMS 0x000000070ca00000, 0x000000070ca00000| Untracked 
|  43|0x000000070cb00000, 0x000000070cb00000, 0x000000070cc00000|  0%| F|  |TAMS 0x000000070cb00000, 0x000000070cb00000| Untracked 
|  44|0x000000070cc00000, 0x000000070cc00000, 0x000000070cd00000|  0%| F|  |TAMS 0x000000070cc00000, 0x000000070cc00000| Untracked 
|  45|0x000000070cd00000, 0x000000070cd00000, 0x000000070ce00000|  0%| F|  |TAMS 0x000000070cd00000, 0x000000070cd00000| Untracked 
|  46|0x000000070ce00000, 0x000000070ce00000, 0x000000070cf00000|  0%| F|  |TAMS 0x000000070ce00000, 0x000000070ce00000| Untracked 
|  47|0x000000070cf00000, 0x000000070cf00000, 0x000000070d000000|  0%| F|  |TAMS 0x000000070cf00000, 0x000000070cf00000| Untracked 
|  48|0x000000070d000000, 0x000000070d000000, 0x000000070d100000|  0%| F|  |TAMS 0x000000070d000000, 0x000000070d000000| Untracked 
|  49|0x000000070d100000, 0x000000070d100000, 0x000000070d200000|  0%| F|  |TAMS 0x000000070d100000, 0x000000070d100000| Untracked 
|  50|0x000000070d200000, 0x000000070d200000, 0x000000070d300000|  0%| F|  |TAMS 0x000000070d200000, 0x000000070d200000| Untracked 
|  51|0x000000070d300000, 0x000000070d300000, 0x000000070d400000|  0%| F|  |TAMS 0x000000070d300000, 0x000000070d300000| Untracked 
|  52|0x000000070d400000, 0x000000070d400000, 0x000000070d500000|  0%| F|  |TAMS 0x000000070d400000, 0x000000070d400000| Untracked 
|  53|0x000000070d500000, 0x000000070d500000, 0x000000070d600000|  0%| F|  |TAMS 0x000000070d500000, 0x000000070d500000| Untracked 
|  54|0x000000070d600000, 0x000000070d600000, 0x000000070d700000|  0%| F|  |TAMS 0x000000070d600000, 0x000000070d600000| Untracked 
|  55|0x000000070d700000, 0x000000070d700000, 0x000000070d800000|  0%| F|  |TAMS 0x000000070d700000, 0x000000070d700000| Untracked 
|  56|0x000000070d800000, 0x000000070d800000, 0x000000070d900000|  0%| F|  |TAMS 0x000000070d800000, 0x000000070d800000| Untracked 
|  57|0x000000070d900000, 0x000000070d900000, 0x000000070da00000|  0%| F|  |TAMS 0x000000070d900000, 0x000000070d900000| Untracked 
|  58|0x000000070da00000, 0x000000070da00000, 0x000000070db00000|  0%| F|  |TAMS 0x000000070da00000, 0x000000070da00000| Untracked 
|  59|0x000000070db00000, 0x000000070db00000, 0x000000070dc00000|  0%| F|  |TAMS 0x000000070db00000, 0x000000070db00000| Untracked 
|  60|0x000000070dc00000, 0x000000070dc00000, 0x000000070dd00000|  0%| F|  |TAMS 0x000000070dc00000, 0x000000070dc00000| Untracked 
|  61|0x000000070dd00000, 0x000000070dd00000, 0x000000070de00000|  0%| F|  |TAMS 0x000000070dd00000, 0x000000070dd00000| Untracked 
|  62|0x000000070de00000, 0x000000070de00000, 0x000000070df00000|  0%| F|  |TAMS 0x000000070de00000, 0x000000070de00000| Untracked 
|  63|0x000000070df00000, 0x000000070df00000, 0x000000070e000000|  0%| F|  |TAMS 0x000000070df00000, 0x000000070df00000| Untracked 
|  64|0x000000070e000000, 0x000000070e000000, 0x000000070e100000|  0%| F|  |TAMS 0x000000070e000000, 0x000000070e000000| Untracked 
|  65|0x000000070e100000, 0x000000070e100000, 0x000000070e200000|  0%| F|  |TAMS 0x000000070e100000, 0x000000070e100000| Untracked 
|  66|0x000000070e200000, 0x000000070e200000, 0x000000070e300000|  0%| F|  |TAMS 0x000000070e200000, 0x000000070e200000| Untracked 
|  67|0x000000070e300000, 0x000000070e300000, 0x000000070e400000|  0%| F|  |TAMS 0x000000070e300000, 0x000000070e300000| Untracked 
|  68|0x000000070e400000, 0x000000070e400000, 0x000000070e500000|  0%| F|  |TAMS 0x000000070e400000, 0x000000070e400000| Untracked 
|  69|0x000000070e500000, 0x000000070e500000, 0x000000070e600000|  0%| F|  |TAMS 0x000000070e500000, 0x000000070e500000| Untracked 
|  70|0x000000070e600000, 0x000000070e600000, 0x000000070e700000|  0%| F|  |TAMS 0x000000070e600000, 0x000000070e600000| Untracked 
|  71|0x000000070e700000, 0x000000070e700000, 0x000000070e800000|  0%| F|  |TAMS 0x000000070e700000, 0x000000070e700000| Untracked 
|  72|0x000000070e800000, 0x000000070e800000, 0x000000070e900000|  0%| F|  |TAMS 0x000000070e800000, 0x000000070e800000| Untracked 
|  73|0x000000070e900000, 0x000000070e900000, 0x000000070ea00000|  0%| F|  |TAMS 0x000000070e900000, 0x000000070e900000| Untracked 
|  74|0x000000070ea00000, 0x000000070ea00000, 0x000000070eb00000|  0%| F|  |TAMS 0x000000070ea00000, 0x000000070ea00000| Untracked 
|  75|0x000000070eb00000, 0x000000070eb00000, 0x000000070ec00000|  0%| F|  |TAMS 0x000000070eb00000, 0x000000070eb00000| Untracked 
|  76|0x000000070ec00000, 0x000000070ec00000, 0x000000070ed00000|  0%| F|  |TAMS 0x000000070ec00000, 0x000000070ec00000| Untracked 
|  77|0x000000070ed00000, 0x000000070ed00000, 0x000000070ee00000|  0%| F|  |TAMS 0x000000070ed00000, 0x000000070ed00000| Untracked 
|  78|0x000000070ee00000, 0x000000070ee00000, 0x000000070ef00000|  0%| F|  |TAMS 0x000000070ee00000, 0x000000070ee00000| Untracked 
|  79|0x000000070ef00000, 0x000000070ef00000, 0x000000070f000000|  0%| F|  |TAMS 0x000000070ef00000, 0x000000070ef00000| Untracked 
|  80|0x000000070f000000, 0x000000070f000000, 0x000000070f100000|  0%| F|  |TAMS 0x000000070f000000, 0x000000070f000000| Untracked 
|  81|0x000000070f100000, 0x000000070f100000, 0x000000070f200000|  0%| F|  |TAMS 0x000000070f100000, 0x000000070f100000| Untracked 
|  82|0x000000070f200000, 0x000000070f200000, 0x000000070f300000|  0%| F|  |TAMS 0x000000070f200000, 0x000000070f200000| Untracked 
|  83|0x000000070f300000, 0x000000070f300000, 0x000000070f400000|  0%| F|  |TAMS 0x000000070f300000, 0x000000070f300000| Untracked 
|  84|0x000000070f400000, 0x000000070f400000, 0x000000070f500000|  0%| F|  |TAMS 0x000000070f400000, 0x000000070f400000| Untracked 
|  85|0x000000070f500000, 0x000000070f500000, 0x000000070f600000|  0%| F|  |TAMS 0x000000070f500000, 0x000000070f500000| Untracked 
|  86|0x000000070f600000, 0x000000070f600000, 0x000000070f700000|  0%| F|  |TAMS 0x000000070f600000, 0x000000070f600000| Untracked 
|  87|0x000000070f700000, 0x000000070f700000, 0x000000070f800000|  0%| F|  |TAMS 0x000000070f700000, 0x000000070f700000| Untracked 
|  88|0x000000070f800000, 0x000000070f800000, 0x000000070f900000|  0%| F|  |TAMS 0x000000070f800000, 0x000000070f800000| Untracked 
|  89|0x000000070f900000, 0x000000070f900000, 0x000000070fa00000|  0%| F|  |TAMS 0x000000070f900000, 0x000000070f900000| Untracked 
|  90|0x000000070fa00000, 0x000000070fa00000, 0x000000070fb00000|  0%| F|  |TAMS 0x000000070fa00000, 0x000000070fa00000| Untracked 
|  91|0x000000070fb00000, 0x000000070fb00000, 0x000000070fc00000|  0%| F|  |TAMS 0x000000070fb00000, 0x000000070fb00000| Untracked 
|  92|0x000000070fc00000, 0x000000070fc00000, 0x000000070fd00000|  0%| F|  |TAMS 0x000000070fc00000, 0x000000070fc00000| Untracked 
|  93|0x000000070fd00000, 0x000000070fd00000, 0x000000070fe00000|  0%| F|  |TAMS 0x000000070fd00000, 0x000000070fd00000| Untracked 
|  94|0x000000070fe00000, 0x000000070fe00000, 0x000000070ff00000|  0%| F|  |TAMS 0x000000070fe00000, 0x000000070fe00000| Untracked 
|  95|0x000000070ff00000, 0x000000070ff00000, 0x0000000710000000|  0%| F|  |TAMS 0x000000070ff00000, 0x000000070ff00000| Untracked 
|  96|0x0000000710000000, 0x0000000710000000, 0x0000000710100000|  0%| F|  |TAMS 0x0000000710000000, 0x0000000710000000| Untracked 
|  97|0x0000000710100000, 0x0000000710100000, 0x0000000710200000|  0%| F|  |TAMS 0x0000000710100000, 0x0000000710100000| Untracked 
|  98|0x0000000710200000, 0x0000000710200000, 0x0000000710300000|  0%| F|  |TAMS 0x0000000710200000, 0x0000000710200000| Untracked 
|  99|0x0000000710300000, 0x0000000710300000, 0x0000000710400000|  0%| F|  |TAMS 0x0000000710300000, 0x0000000710300000| Untracked 
| 100|0x0000000710400000, 0x0000000710400000, 0x0000000710500000|  0%| F|  |TAMS 0x0000000710400000, 0x0000000710400000| Untracked 
| 101|0x0000000710500000, 0x0000000710500000, 0x0000000710600000|  0%| F|  |TAMS 0x0000000710500000, 0x0000000710500000| Untracked 
| 102|0x0000000710600000, 0x0000000710600000, 0x0000000710700000|  0%| F|  |TAMS 0x0000000710600000, 0x0000000710600000| Untracked 
| 103|0x0000000710700000, 0x0000000710700000, 0x0000000710800000|  0%| F|  |TAMS 0x0000000710700000, 0x0000000710700000| Untracked 
| 104|0x0000000710800000, 0x0000000710800000, 0x0000000710900000|  0%| F|  |TAMS 0x0000000710800000, 0x0000000710800000| Untracked 
| 105|0x0000000710900000, 0x0000000710900000, 0x0000000710a00000|  0%| F|  |TAMS 0x0000000710900000, 0x0000000710900000| Untracked 
| 106|0x0000000710a00000, 0x0000000710a00000, 0x0000000710b00000|  0%| F|  |TAMS 0x0000000710a00000, 0x0000000710a00000| Untracked 
| 107|0x0000000710b00000, 0x0000000710b00000, 0x0000000710c00000|  0%| F|  |TAMS 0x0000000710b00000, 0x0000000710b00000| Untracked 
| 108|0x0000000710c00000, 0x0000000710c00000, 0x0000000710d00000|  0%| F|  |TAMS 0x0000000710c00000, 0x0000000710c00000| Untracked 
| 109|0x0000000710d00000, 0x0000000710d00000, 0x0000000710e00000|  0%| F|  |TAMS 0x0000000710d00000, 0x0000000710d00000| Untracked 
| 110|0x0000000710e00000, 0x0000000710e00000, 0x0000000710f00000|  0%| F|  |TAMS 0x0000000710e00000, 0x0000000710e00000| Untracked 
| 111|0x0000000710f00000, 0x0000000710f00000, 0x0000000711000000|  0%| F|  |TAMS 0x0000000710f00000, 0x0000000710f00000| Untracked 
| 112|0x0000000711000000, 0x0000000711000000, 0x0000000711100000|  0%| F|  |TAMS 0x0000000711000000, 0x0000000711000000| Untracked 
| 113|0x0000000711100000, 0x0000000711100000, 0x0000000711200000|  0%| F|  |TAMS 0x0000000711100000, 0x0000000711100000| Untracked 
| 114|0x0000000711200000, 0x0000000711200000, 0x0000000711300000|  0%| F|  |TAMS 0x0000000711200000, 0x0000000711200000| Untracked 
| 115|0x0000000711300000, 0x0000000711300000, 0x0000000711400000|  0%| F|  |TAMS 0x0000000711300000, 0x0000000711300000| Untracked 
| 116|0x0000000711400000, 0x0000000711400000, 0x0000000711500000|  0%| F|  |TAMS 0x0000000711400000, 0x0000000711400000| Untracked 
| 117|0x0000000711500000, 0x0000000711500000, 0x0000000711600000|  0%| F|  |TAMS 0x0000000711500000, 0x0000000711500000| Untracked 
| 118|0x0000000711600000, 0x0000000711600000, 0x0000000711700000|  0%| F|  |TAMS 0x0000000711600000, 0x0000000711600000| Untracked 
| 119|0x0000000711700000, 0x0000000711700000, 0x0000000711800000|  0%| F|  |TAMS 0x0000000711700000, 0x0000000711700000| Untracked 
| 120|0x0000000711800000, 0x0000000711800000, 0x0000000711900000|  0%| F|  |TAMS 0x0000000711800000, 0x0000000711800000| Untracked 
| 121|0x0000000711900000, 0x0000000711900000, 0x0000000711a00000|  0%| F|  |TAMS 0x0000000711900000, 0x0000000711900000| Untracked 
| 122|0x0000000711a00000, 0x0000000711a00000, 0x0000000711b00000|  0%| F|  |TAMS 0x0000000711a00000, 0x0000000711a00000| Untracked 
| 123|0x0000000711b00000, 0x0000000711b00000, 0x0000000711c00000|  0%| F|  |TAMS 0x0000000711b00000, 0x0000000711b00000| Untracked 
| 124|0x0000000711c00000, 0x0000000711c00000, 0x0000000711d00000|  0%| F|  |TAMS 0x0000000711c00000, 0x0000000711c00000| Untracked 
| 125|0x0000000711d00000, 0x0000000711d00000, 0x0000000711e00000|  0%| F|  |TAMS 0x0000000711d00000, 0x0000000711d00000| Untracked 
| 126|0x0000000711e00000, 0x0000000711e00000, 0x0000000711f00000|  0%| F|  |TAMS 0x0000000711e00000, 0x0000000711e00000| Untracked 
| 127|0x0000000711f00000, 0x0000000711f00000, 0x0000000712000000|  0%| F|  |TAMS 0x0000000711f00000, 0x0000000711f00000| Untracked 
| 128|0x0000000712000000, 0x0000000712000000, 0x0000000712100000|  0%| F|  |TAMS 0x0000000712000000, 0x0000000712000000| Untracked 
| 129|0x0000000712100000, 0x0000000712100000, 0x0000000712200000|  0%| F|  |TAMS 0x0000000712100000, 0x0000000712100000| Untracked 
| 130|0x0000000712200000, 0x0000000712200000, 0x0000000712300000|  0%| F|  |TAMS 0x0000000712200000, 0x0000000712200000| Untracked 
| 131|0x0000000712300000, 0x0000000712300000, 0x0000000712400000|  0%| F|  |TAMS 0x0000000712300000, 0x0000000712300000| Untracked 
| 132|0x0000000712400000, 0x0000000712400000, 0x0000000712500000|  0%| F|  |TAMS 0x0000000712400000, 0x0000000712400000| Untracked 
| 133|0x0000000712500000, 0x0000000712500000, 0x0000000712600000|  0%| F|  |TAMS 0x0000000712500000, 0x0000000712500000| Untracked 
| 134|0x0000000712600000, 0x0000000712600000, 0x0000000712700000|  0%| F|  |TAMS 0x0000000712600000, 0x0000000712600000| Untracked 
| 135|0x0000000712700000, 0x0000000712700000, 0x0000000712800000|  0%| F|  |TAMS 0x0000000712700000, 0x0000000712700000| Untracked 
| 136|0x0000000712800000, 0x0000000712800000, 0x0000000712900000|  0%| F|  |TAMS 0x0000000712800000, 0x0000000712800000| Untracked 
| 137|0x0000000712900000, 0x0000000712900000, 0x0000000712a00000|  0%| F|  |TAMS 0x0000000712900000, 0x0000000712900000| Untracked 
| 138|0x0000000712a00000, 0x0000000712a00000, 0x0000000712b00000|  0%| F|  |TAMS 0x0000000712a00000, 0x0000000712a00000| Untracked 
| 139|0x0000000712b00000, 0x0000000712b00000, 0x0000000712c00000|  0%| F|  |TAMS 0x0000000712b00000, 0x0000000712b00000| Untracked 
| 140|0x0000000712c00000, 0x0000000712c00000, 0x0000000712d00000|  0%| F|  |TAMS 0x0000000712c00000, 0x0000000712c00000| Untracked 
| 141|0x0000000712d00000, 0x0000000712d00000, 0x0000000712e00000|  0%| F|  |TAMS 0x0000000712d00000, 0x0000000712d00000| Untracked 
| 142|0x0000000712e00000, 0x0000000712e00000, 0x0000000712f00000|  0%| F|  |TAMS 0x0000000712e00000, 0x0000000712e00000| Untracked 
| 143|0x0000000712f00000, 0x0000000712f00000, 0x0000000713000000|  0%| F|  |TAMS 0x0000000712f00000, 0x0000000712f00000| Untracked 
| 144|0x0000000713000000, 0x0000000713000000, 0x0000000713100000|  0%| F|  |TAMS 0x0000000713000000, 0x0000000713000000| Untracked 
| 145|0x0000000713100000, 0x0000000713100000, 0x0000000713200000|  0%| F|  |TAMS 0x0000000713100000, 0x0000000713100000| Untracked 
| 146|0x0000000713200000, 0x0000000713200000, 0x0000000713300000|  0%| F|  |TAMS 0x0000000713200000, 0x0000000713200000| Untracked 
| 147|0x0000000713300000, 0x0000000713300000, 0x0000000713400000|  0%| F|  |TAMS 0x0000000713300000, 0x0000000713300000| Untracked 
| 148|0x0000000713400000, 0x0000000713400000, 0x0000000713500000|  0%| F|  |TAMS 0x0000000713400000, 0x0000000713400000| Untracked 
| 149|0x0000000713500000, 0x0000000713500000, 0x0000000713600000|  0%| F|  |TAMS 0x0000000713500000, 0x0000000713500000| Untracked 
| 150|0x0000000713600000, 0x0000000713600000, 0x0000000713700000|  0%| F|  |TAMS 0x0000000713600000, 0x0000000713600000| Untracked 
| 151|0x0000000713700000, 0x0000000713700000, 0x0000000713800000|  0%| F|  |TAMS 0x0000000713700000, 0x0000000713700000| Untracked 
| 152|0x0000000713800000, 0x0000000713800000, 0x0000000713900000|  0%| F|  |TAMS 0x0000000713800000, 0x0000000713800000| Untracked 
| 153|0x0000000713900000, 0x0000000713900000, 0x0000000713a00000|  0%| F|  |TAMS 0x0000000713900000, 0x0000000713900000| Untracked 
| 154|0x0000000713a00000, 0x0000000713a00000, 0x0000000713b00000|  0%| F|  |TAMS 0x0000000713a00000, 0x0000000713a00000| Untracked 
| 155|0x0000000713b00000, 0x0000000713b00000, 0x0000000713c00000|  0%| F|  |TAMS 0x0000000713b00000, 0x0000000713b00000| Untracked 
| 156|0x0000000713c00000, 0x0000000713c00000, 0x0000000713d00000|  0%| F|  |TAMS 0x0000000713c00000, 0x0000000713c00000| Untracked 
| 157|0x0000000713d00000, 0x0000000713d00000, 0x0000000713e00000|  0%| F|  |TAMS 0x0000000713d00000, 0x0000000713d00000| Untracked 
| 158|0x0000000713e00000, 0x0000000713e00000, 0x0000000713f00000|  0%| F|  |TAMS 0x0000000713e00000, 0x0000000713e00000| Untracked 
| 159|0x0000000713f00000, 0x0000000713f00000, 0x0000000714000000|  0%| F|  |TAMS 0x0000000713f00000, 0x0000000713f00000| Untracked 
| 160|0x0000000714000000, 0x0000000714000000, 0x0000000714100000|  0%| F|  |TAMS 0x0000000714000000, 0x0000000714000000| Untracked 
| 161|0x0000000714100000, 0x0000000714100000, 0x0000000714200000|  0%| F|  |TAMS 0x0000000714100000, 0x0000000714100000| Untracked 
| 162|0x0000000714200000, 0x0000000714200000, 0x0000000714300000|  0%| F|  |TAMS 0x0000000714200000, 0x0000000714200000| Untracked 
| 163|0x0000000714300000, 0x0000000714300000, 0x0000000714400000|  0%| F|  |TAMS 0x0000000714300000, 0x0000000714300000| Untracked 
| 164|0x0000000714400000, 0x0000000714400000, 0x0000000714500000|  0%| F|  |TAMS 0x0000000714400000, 0x0000000714400000| Untracked 
| 165|0x0000000714500000, 0x0000000714500000, 0x0000000714600000|  0%| F|  |TAMS 0x0000000714500000, 0x0000000714500000| Untracked 
| 166|0x0000000714600000, 0x0000000714600000, 0x0000000714700000|  0%| F|  |TAMS 0x0000000714600000, 0x0000000714600000| Untracked 
| 167|0x0000000714700000, 0x0000000714700000, 0x0000000714800000|  0%| F|  |TAMS 0x0000000714700000, 0x0000000714700000| Untracked 
| 168|0x0000000714800000, 0x0000000714800000, 0x0000000714900000|  0%| F|  |TAMS 0x0000000714800000, 0x0000000714800000| Untracked 
| 169|0x0000000714900000, 0x0000000714900000, 0x0000000714a00000|  0%| F|  |TAMS 0x0000000714900000, 0x0000000714900000| Untracked 
| 170|0x0000000714a00000, 0x0000000714a00000, 0x0000000714b00000|  0%| F|  |TAMS 0x0000000714a00000, 0x0000000714a00000| Untracked 
| 171|0x0000000714b00000, 0x0000000714b00000, 0x0000000714c00000|  0%| F|  |TAMS 0x0000000714b00000, 0x0000000714b00000| Untracked 
| 172|0x0000000714c00000, 0x0000000714c00000, 0x0000000714d00000|  0%| F|  |TAMS 0x0000000714c00000, 0x0000000714c00000| Untracked 
| 173|0x0000000714d00000, 0x0000000714d00000, 0x0000000714e00000|  0%| F|  |TAMS 0x0000000714d00000, 0x0000000714d00000| Untracked 
| 174|0x0000000714e00000, 0x0000000714e00000, 0x0000000714f00000|  0%| F|  |TAMS 0x0000000714e00000, 0x0000000714e00000| Untracked 
| 175|0x0000000714f00000, 0x0000000714f00000, 0x0000000715000000|  0%| F|  |TAMS 0x0000000714f00000, 0x0000000714f00000| Untracked 
| 176|0x0000000715000000, 0x0000000715000000, 0x0000000715100000|  0%| F|  |TAMS 0x0000000715000000, 0x0000000715000000| Untracked 
| 177|0x0000000715100000, 0x0000000715100000, 0x0000000715200000|  0%| F|  |TAMS 0x0000000715100000, 0x0000000715100000| Untracked 
| 178|0x0000000715200000, 0x0000000715200000, 0x0000000715300000|  0%| F|  |TAMS 0x0000000715200000, 0x0000000715200000| Untracked 
| 179|0x0000000715300000, 0x0000000715300000, 0x0000000715400000|  0%| F|  |TAMS 0x0000000715300000, 0x0000000715300000| Untracked 
| 180|0x0000000715400000, 0x0000000715400000, 0x0000000715500000|  0%| F|  |TAMS 0x0000000715400000, 0x0000000715400000| Untracked 
| 181|0x0000000715500000, 0x0000000715500000, 0x0000000715600000|  0%| F|  |TAMS 0x0000000715500000, 0x0000000715500000| Untracked 
| 182|0x0000000715600000, 0x0000000715600000, 0x0000000715700000|  0%| F|  |TAMS 0x0000000715600000, 0x0000000715600000| Untracked 
| 183|0x0000000715700000, 0x0000000715700000, 0x0000000715800000|  0%| F|  |TAMS 0x0000000715700000, 0x0000000715700000| Untracked 
| 184|0x0000000715800000, 0x0000000715800000, 0x0000000715900000|  0%| F|  |TAMS 0x0000000715800000, 0x0000000715800000| Untracked 
| 185|0x0000000715900000, 0x0000000715900000, 0x0000000715a00000|  0%| F|  |TAMS 0x0000000715900000, 0x0000000715900000| Untracked 
| 186|0x0000000715a00000, 0x0000000715a00000, 0x0000000715b00000|  0%| F|  |TAMS 0x0000000715a00000, 0x0000000715a00000| Untracked 
| 187|0x0000000715b00000, 0x0000000715b00000, 0x0000000715c00000|  0%| F|  |TAMS 0x0000000715b00000, 0x0000000715b00000| Untracked 
| 188|0x0000000715c00000, 0x0000000715c00000, 0x0000000715d00000|  0%| F|  |TAMS 0x0000000715c00000, 0x0000000715c00000| Untracked 
| 189|0x0000000715d00000, 0x0000000715d00000, 0x0000000715e00000|  0%| F|  |TAMS 0x0000000715d00000, 0x0000000715d00000| Untracked 
| 190|0x0000000715e00000, 0x0000000715e00000, 0x0000000715f00000|  0%| F|  |TAMS 0x0000000715e00000, 0x0000000715e00000| Untracked 
| 191|0x0000000715f00000, 0x0000000715f00000, 0x0000000716000000|  0%| F|  |TAMS 0x0000000715f00000, 0x0000000715f00000| Untracked 
| 192|0x0000000716000000, 0x0000000716000000, 0x0000000716100000|  0%| F|  |TAMS 0x0000000716000000, 0x0000000716000000| Untracked 
| 193|0x0000000716100000, 0x0000000716100000, 0x0000000716200000|  0%| F|  |TAMS 0x0000000716100000, 0x0000000716100000| Untracked 
| 194|0x0000000716200000, 0x0000000716200000, 0x0000000716300000|  0%| F|  |TAMS 0x0000000716200000, 0x0000000716200000| Untracked 
| 195|0x0000000716300000, 0x0000000716300000, 0x0000000716400000|  0%| F|  |TAMS 0x0000000716300000, 0x0000000716300000| Untracked 
| 196|0x0000000716400000, 0x0000000716480800, 0x0000000716500000| 50%| E|  |TAMS 0x0000000716400000, 0x0000000716400000| Complete 
| 197|0x0000000716500000, 0x0000000716600000, 0x0000000716600000|100%| E|CS|TAMS 0x0000000716500000, 0x0000000716500000| Complete 
| 198|0x0000000716600000, 0x0000000716700000, 0x0000000716700000|100%| E|CS|TAMS 0x0000000716600000, 0x0000000716600000| Complete 
| 199|0x0000000716700000, 0x0000000716800000, 0x0000000716800000|100%| E|CS|TAMS 0x0000000716700000, 0x0000000716700000| Complete 
| 200|0x0000000716800000, 0x0000000716900000, 0x0000000716900000|100%| E|CS|TAMS 0x0000000716800000, 0x0000000716800000| Complete 
| 201|0x0000000716900000, 0x0000000716a00000, 0x0000000716a00000|100%| E|CS|TAMS 0x0000000716900000, 0x0000000716900000| Complete 
| 202|0x0000000716a00000, 0x0000000716b00000, 0x0000000716b00000|100%| E|CS|TAMS 0x0000000716a00000, 0x0000000716a00000| Complete 
| 203|0x0000000716b00000, 0x0000000716c00000, 0x0000000716c00000|100%| E|CS|TAMS 0x0000000716b00000, 0x0000000716b00000| Complete 
| 204|0x0000000716c00000, 0x0000000716d00000, 0x0000000716d00000|100%| E|CS|TAMS 0x0000000716c00000, 0x0000000716c00000| Complete 
| 205|0x0000000716d00000, 0x0000000716e00000, 0x0000000716e00000|100%| E|CS|TAMS 0x0000000716d00000, 0x0000000716d00000| Complete 
| 206|0x0000000716e00000, 0x0000000716f00000, 0x0000000716f00000|100%| E|CS|TAMS 0x0000000716e00000, 0x0000000716e00000| Complete 
| 207|0x0000000716f00000, 0x0000000717000000, 0x0000000717000000|100%| E|CS|TAMS 0x0000000716f00000, 0x0000000716f00000| Complete 
| 208|0x0000000717000000, 0x0000000717100000, 0x0000000717100000|100%| E|CS|TAMS 0x0000000717000000, 0x0000000717000000| Complete 
| 209|0x0000000717100000, 0x0000000717200000, 0x0000000717200000|100%| E|CS|TAMS 0x0000000717100000, 0x0000000717100000| Complete 
| 210|0x0000000717200000, 0x0000000717300000, 0x0000000717300000|100%| E|CS|TAMS 0x0000000717200000, 0x0000000717200000| Complete 
| 211|0x0000000717300000, 0x0000000717400000, 0x0000000717400000|100%| E|CS|TAMS 0x0000000717300000, 0x0000000717300000| Complete 
| 212|0x0000000717400000, 0x0000000717500000, 0x0000000717500000|100%| E|CS|TAMS 0x0000000717400000, 0x0000000717400000| Complete 
| 213|0x0000000717500000, 0x0000000717600000, 0x0000000717600000|100%| E|CS|TAMS 0x0000000717500000, 0x0000000717500000| Complete 
| 214|0x0000000717600000, 0x0000000717700000, 0x0000000717700000|100%| E|CS|TAMS 0x0000000717600000, 0x0000000717600000| Complete 
| 215|0x0000000717700000, 0x0000000717800000, 0x0000000717800000|100%| E|CS|TAMS 0x0000000717700000, 0x0000000717700000| Complete 
| 216|0x0000000717800000, 0x0000000717900000, 0x0000000717900000|100%| E|CS|TAMS 0x0000000717800000, 0x0000000717800000| Complete 
| 217|0x0000000717900000, 0x0000000717a00000, 0x0000000717a00000|100%| E|CS|TAMS 0x0000000717900000, 0x0000000717900000| Complete 
| 218|0x0000000717a00000, 0x0000000717b00000, 0x0000000717b00000|100%| E|CS|TAMS 0x0000000717a00000, 0x0000000717a00000| Complete 
| 219|0x0000000717b00000, 0x0000000717c00000, 0x0000000717c00000|100%| S|CS|TAMS 0x0000000717b00000, 0x0000000717b00000| Complete 
| 220|0x0000000717c00000, 0x0000000717d00000, 0x0000000717d00000|100%| S|CS|TAMS 0x0000000717c00000, 0x0000000717c00000| Complete 
| 221|0x0000000717d00000, 0x0000000717e00000, 0x0000000717e00000|100%| S|CS|TAMS 0x0000000717d00000, 0x0000000717d00000| Complete 
| 222|0x0000000717e00000, 0x0000000717f00000, 0x0000000717f00000|100%| E|CS|TAMS 0x0000000717e00000, 0x0000000717e00000| Complete 
| 223|0x0000000717f00000, 0x0000000718000000, 0x0000000718000000|100%| E|CS|TAMS 0x0000000717f00000, 0x0000000717f00000| Complete 
| 224|0x0000000718000000, 0x0000000718100000, 0x0000000718100000|100%| E|CS|TAMS 0x0000000718000000, 0x0000000718000000| Complete 
| 225|0x0000000718100000, 0x0000000718200000, 0x0000000718200000|100%| E|CS|TAMS 0x0000000718100000, 0x0000000718100000| Complete 
| 226|0x0000000718200000, 0x0000000718300000, 0x0000000718300000|100%| E|CS|TAMS 0x0000000718200000, 0x0000000718200000| Complete 
| 227|0x0000000718300000, 0x0000000718400000, 0x0000000718400000|100%| E|CS|TAMS 0x0000000718300000, 0x0000000718300000| Complete 
| 228|0x0000000718400000, 0x0000000718500000, 0x0000000718500000|100%| E|CS|TAMS 0x0000000718400000, 0x0000000718400000| Complete 
| 229|0x0000000718500000, 0x0000000718600000, 0x0000000718600000|100%| E|CS|TAMS 0x0000000718500000, 0x0000000718500000| Complete 
| 230|0x0000000718600000, 0x0000000718700000, 0x0000000718700000|100%| E|CS|TAMS 0x0000000718600000, 0x0000000718600000| Complete 
| 231|0x0000000718700000, 0x0000000718800000, 0x0000000718800000|100%| E|CS|TAMS 0x0000000718700000, 0x0000000718700000| Complete 
| 232|0x0000000718800000, 0x0000000718900000, 0x0000000718900000|100%| E|CS|TAMS 0x0000000718800000, 0x0000000718800000| Complete 
| 233|0x0000000718900000, 0x0000000718a00000, 0x0000000718a00000|100%| E|CS|TAMS 0x0000000718900000, 0x0000000718900000| Complete 
| 234|0x0000000718a00000, 0x0000000718b00000, 0x0000000718b00000|100%| E|CS|TAMS 0x0000000718a00000, 0x0000000718a00000| Complete 
| 235|0x0000000718b00000, 0x0000000718c00000, 0x0000000718c00000|100%| E|CS|TAMS 0x0000000718b00000, 0x0000000718b00000| Complete 
| 236|0x0000000718c00000, 0x0000000718d00000, 0x0000000718d00000|100%| E|CS|TAMS 0x0000000718c00000, 0x0000000718c00000| Complete 
| 237|0x0000000718d00000, 0x0000000718e00000, 0x0000000718e00000|100%| E|CS|TAMS 0x0000000718d00000, 0x0000000718d00000| Complete 
| 238|0x0000000718e00000, 0x0000000718f00000, 0x0000000718f00000|100%| E|CS|TAMS 0x0000000718e00000, 0x0000000718e00000| Complete 
| 239|0x0000000718f00000, 0x0000000719000000, 0x0000000719000000|100%| E|CS|TAMS 0x0000000718f00000, 0x0000000718f00000| Complete 
| 240|0x0000000719000000, 0x0000000719100000, 0x0000000719100000|100%| E|CS|TAMS 0x0000000719000000, 0x0000000719000000| Complete 
| 241|0x0000000719100000, 0x0000000719200000, 0x0000000719200000|100%| E|CS|TAMS 0x0000000719100000, 0x0000000719100000| Complete 
| 242|0x0000000719200000, 0x0000000719300000, 0x0000000719300000|100%| E|CS|TAMS 0x0000000719200000, 0x0000000719200000| Complete 
| 243|0x0000000719300000, 0x0000000719400000, 0x0000000719400000|100%| E|CS|TAMS 0x0000000719300000, 0x0000000719300000| Complete 
| 244|0x0000000719400000, 0x0000000719500000, 0x0000000719500000|100%| E|CS|TAMS 0x0000000719400000, 0x0000000719400000| Complete 
| 245|0x0000000719500000, 0x0000000719600000, 0x0000000719600000|100%| E|CS|TAMS 0x0000000719500000, 0x0000000719500000| Complete 

Card table byte_map: [0x000001a469100000,0x000001a4698b0000] _byte_map_base: 0x000001a4658b0000

Marking Bits (Prev, Next): (CMBitMap*) 0x000001a450cf5548, (CMBitMap*) 0x000001a450cf5580
 Prev Bits: [0x000001a46a060000, 0x000001a46dde0000)
 Next Bits: [0x000001a46dde0000, 0x000001a471b60000)

Polling page: 0x000001a44ec20000

Metaspace:

Usage:
  Non-class:      9.33 MB capacity,     9.21 MB ( 99%) used,   110.77 KB (  1%) free+waste,    12.63 KB ( <1%) overhead. 
      Class:      1.02 MB capacity,   981.23 KB ( 94%) used,    53.09 KB (  5%) free+waste,     5.69 KB ( <1%) overhead. 
       Both:     10.34 MB capacity,    10.16 MB ( 98%) used,   163.86 KB (  2%) free+waste,    18.31 KB ( <1%) overhead. 

Virtual space:
  Non-class space:       10.00 MB reserved,       9.50 MB ( 95%) committed 
      Class space:        1.00 GB reserved,       1.13 MB ( <1%) committed 
             Both:        1.01 GB reserved,      10.63 MB (  1%) committed 

Chunk freelists:
   Non-Class:  50.00 KB
       Class:  0 bytes
        Both:  50.00 KB

MaxMetaspaceSize: 17179869184.00 GB
CompressedClassSpaceSize: 1.00 GB
Initial GC threshold: 20.80 MB
Current GC threshold: 20.80 MB
CDS: off

CodeHeap 'non-profiled nmethods': size=120000Kb used=597Kb max_used=597Kb free=119402Kb
 bounds [0x000001a460ed0000, 0x000001a461140000, 0x000001a468400000]
CodeHeap 'profiled nmethods': size=120000Kb used=2461Kb max_used=2461Kb free=117538Kb
 bounds [0x000001a4599a0000, 0x000001a459c10000, 0x000001a460ed0000]
CodeHeap 'non-nmethods': size=5760Kb used=1232Kb max_used=1246Kb free=4527Kb
 bounds [0x000001a459400000, 0x000001a459670000, 0x000001a4599a0000]
 total_blobs=1564 nmethods=1152 adapters=333
 compilation: enabled
              stopped_count=0, restarted_count=0
 full_count=0

Compilation events (20 events):
Event: 2.921 Thread 0x000001a475213000 nmethod 1128 0x000001a459c01290 code [0x000001a459c01460, 0x000001a459c01778]
Event: 2.921 Thread 0x000001a475213000 1141   !   3       java.lang.invoke.MemberName::getFieldType (177 bytes)
Event: 2.922 Thread 0x000001a475213000 nmethod 1141 0x000001a459c01890 code [0x000001a459c01c00, 0x000001a459c03438]
Event: 2.922 Thread 0x000001a475213000 1143       3       java.lang.invoke.LambdaForm$Name::internArguments (59 bytes)
Event: 2.923 Thread 0x000001a475213000 nmethod 1143 0x000001a459c03c10 code [0x000001a459c03e00, 0x000001a459c04528]
Event: 2.923 Thread 0x000001a475213000 1142       3       java.lang.invoke.MethodHandles$Lookup::lookupClassOrNull (17 bytes)
Event: 2.923 Thread 0x000001a475213000 nmethod 1142 0x000001a459c04710 code [0x000001a459c048c0, 0x000001a459c04a38]
Event: 2.923 Thread 0x000001a475213000 1147       3       java.lang.invoke.MethodHandle::<init> (37 bytes)
Event: 2.924 Thread 0x000001a475213000 nmethod 1147 0x000001a459c04b10 code [0x000001a459c04d40, 0x000001a459c052d8]
Event: 2.924 Thread 0x000001a47520a800 1148       4       java.util.concurrent.ConcurrentHashMap$BaseIterator::hasNext (13 bytes)
Event: 2.924 Thread 0x000001a47520a800 nmethod 1148 0x000001a460f65310 code [0x000001a460f654a0, 0x000001a460f65518]
Event: 3.062 Thread 0x000001a475213000 1149       3       java.lang.AbstractStringBuilder::append (55 bytes)
Event: 3.062 Thread 0x000001a475213000 nmethod 1149 0x000001a459c05590 code [0x000001a459c05780, 0x000001a459c05ab8]
Event: 3.624 Thread 0x000001a475213000 1150       3       java.lang.Integer::numberOfLeadingZeros (78 bytes)
Event: 3.625 Thread 0x000001a475213000 nmethod 1150 0x000001a459c05c10 code [0x000001a459c05dc0, 0x000001a459c06058]
Event: 9.208 Thread 0x000001a475213000 1151       3       java.lang.invoke.LambdaForm::forceInterpretation (14 bytes)
Event: 9.208 Thread 0x000001a475213000 nmethod 1151 0x000001a459c06110 code [0x000001a459c062c0, 0x000001a459c06418]
Event: 9.208 Thread 0x000001a475213000 1152       3       java.lang.invoke.MethodTypeForm::canonicalizeAll (66 bytes)
Event: 9.209 Thread 0x000001a475213000 nmethod 1152 0x000001a459c06490 code [0x000001a459c066a0, 0x000001a459c06d18]
Event: 9.209 Thread 0x000001a475213000 1153       3       java.lang.invoke.MethodType$ConcurrentWeakInternSet$WeakEntry::<init> (15 bytes)

GC Heap History (2 events):
Event: 0.754 GC heap before
{Heap before GC invocations=0 (full 0):
 garbage-first heap   total 251904K, used 23552K [0x000000070a000000, 0x0000000800000000)
  region size 1024K, 24 young (24576K), 0 survivors (0K)
 Metaspace       used 7558K, capacity 7693K, committed 7936K, reserved 1056768K
  class space    used 639K, capacity 689K, committed 768K, reserved 1048576K
}
Event: 0.759 GC heap after
{Heap after GC invocations=1 (full 0):
 garbage-first heap   total 251904K, used 6325K [0x000000070a000000, 0x0000000800000000)
  region size 1024K, 3 young (3072K), 3 survivors (3072K)
 Metaspace       used 7558K, capacity 7693K, committed 7936K, reserved 1056768K
  class space    used 639K, capacity 689K, committed 768K, reserved 1048576K
}

Deoptimization events (20 events):
Event: 1.589 Thread 0x000001a450c8f800 Uncommon trap: trap_request=0xffffffc6 fr.pc=0x000001a460eda414 relative=0x0000000000000074
Event: 1.589 Thread 0x000001a450c8f800 Uncommon trap: reason=bimorphic_or_optimized_type_check action=maybe_recompile pc=0x000001a460eda414 method=java.util.AbstractCollection.isEmpty()Z @ 1 c2
Event: 1.589 Thread 0x000001a450c8f800 DEOPT PACKING pc=0x000001a460eda414 sp=0x00000025cfbfda90
Event: 1.589 Thread 0x000001a450c8f800 DEOPT UNPACKING pc=0x000001a45944a1af sp=0x00000025cfbfda30 mode 2
Event: 1.954 Thread 0x000001a450c8f800 Uncommon trap: trap_request=0xffffff4d fr.pc=0x000001a460ef62e8 relative=0x0000000000000328
Event: 1.954 Thread 0x000001a450c8f800 Uncommon trap: reason=unstable_if action=reinterpret pc=0x000001a460ef62e8 method=java.util.jar.Manifest$FastInputStream.readLine([BII)I @ 106 c2
Event: 1.954 Thread 0x000001a450c8f800 DEOPT PACKING pc=0x000001a460ef62e8 sp=0x00000025cfbfcb80
Event: 1.954 Thread 0x000001a450c8f800 DEOPT UNPACKING pc=0x000001a45944a1af sp=0x00000025cfbfcb10 mode 2
Event: 2.080 Thread 0x000001a450c8f800 Uncommon trap: trap_request=0xffffff4d fr.pc=0x000001a460f0174c relative=0x000000000000068c
Event: 2.080 Thread 0x000001a450c8f800 Uncommon trap: reason=unstable_if action=reinterpret pc=0x000001a460f0174c method=java.lang.Integer.getChars(II[B)I @ 25 c2
Event: 2.080 Thread 0x000001a450c8f800 DEOPT PACKING pc=0x000001a460f0174c sp=0x00000025cfbfdc00
Event: 2.080 Thread 0x000001a450c8f800 DEOPT UNPACKING pc=0x000001a45944a1af sp=0x00000025cfbfdb48 mode 2
Event: 2.080 Thread 0x000001a450c8f800 Uncommon trap: trap_request=0xffffff4d fr.pc=0x000001a460f00db4 relative=0x0000000000000114
Event: 2.080 Thread 0x000001a450c8f800 Uncommon trap: reason=unstable_if action=reinterpret pc=0x000001a460f00db4 method=java.lang.Integer.getChars(II[B)I @ 25 c2
Event: 2.080 Thread 0x000001a450c8f800 DEOPT PACKING pc=0x000001a460f00db4 sp=0x00000025cfbfdba0
Event: 2.080 Thread 0x000001a450c8f800 DEOPT UNPACKING pc=0x000001a45944a1af sp=0x00000025cfbfdb38 mode 2
Event: 2.906 Thread 0x000001a450c8f800 Uncommon trap: trap_request=0xffffff4d fr.pc=0x000001a460f51318 relative=0x0000000000000458
Event: 2.906 Thread 0x000001a450c8f800 Uncommon trap: reason=unstable_if action=reinterpret pc=0x000001a460f51318 method=java.lang.String.substring(I)Ljava/lang/String; @ 34 c2
Event: 2.906 Thread 0x000001a450c8f800 DEOPT PACKING pc=0x000001a460f51318 sp=0x00000025cfbfd1a0
Event: 2.906 Thread 0x000001a450c8f800 DEOPT UNPACKING pc=0x000001a45944a1af sp=0x00000025cfbfd1a8 mode 2

Classes redefined (0 events):
No events

Internal exceptions (20 events):
Event: 0.333 Thread 0x000001a450c8f800 Exception <a 'java/security/PrivilegedActionException'{0x0000000719115368}> (0x0000000719115368) thrown at [./src/hotspot/share/prims/jvm.cpp, line 1306]
Event: 0.333 Thread 0x000001a450c8f800 Exception <a 'java/security/PrivilegedActionException'{0x0000000719116010}> (0x0000000719116010) thrown at [./src/hotspot/share/prims/jvm.cpp, line 1306]
Event: 0.333 Thread 0x000001a450c8f800 Exception <a 'java/security/PrivilegedActionException'{0x00000007191162e0}> (0x00000007191162e0) thrown at [./src/hotspot/share/prims/jvm.cpp, line 1306]
Event: 0.334 Thread 0x000001a450c8f800 Exception <a 'java/security/PrivilegedActionException'{0x0000000719116f98}> (0x0000000719116f98) thrown at [./src/hotspot/share/prims/jvm.cpp, line 1306]
Event: 0.334 Thread 0x000001a450c8f800 Exception <a 'java/security/PrivilegedActionException'{0x0000000719117268}> (0x0000000719117268) thrown at [./src/hotspot/share/prims/jvm.cpp, line 1306]
Event: 0.334 Thread 0x000001a450c8f800 Exception <a 'java/security/PrivilegedActionException'{0x0000000719117f10}> (0x0000000719117f10) thrown at [./src/hotspot/share/prims/jvm.cpp, line 1306]
Event: 0.334 Thread 0x000001a450c8f800 Exception <a 'java/security/PrivilegedActionException'{0x00000007191181e0}> (0x00000007191181e0) thrown at [./src/hotspot/share/prims/jvm.cpp, line 1306]
Event: 0.334 Thread 0x000001a450c8f800 Exception <a 'java/security/PrivilegedActionException'{0x0000000719118eb8}> (0x0000000719118eb8) thrown at [./src/hotspot/share/prims/jvm.cpp, line 1306]
Event: 0.334 Thread 0x000001a450c8f800 Exception <a 'java/security/PrivilegedActionException'{0x0000000719119188}> (0x0000000719119188) thrown at [./src/hotspot/share/prims/jvm.cpp, line 1306]
Event: 0.361 Thread 0x000001a450c8f800 Exception <a 'java/security/PrivilegedActionException'{0x00000007191a4908}> (0x00000007191a4908) thrown at [./src/hotspot/share/prims/jvm.cpp, line 1306]
Event: 0.361 Thread 0x000001a450c8f800 Exception <a 'java/security/PrivilegedActionException'{0x00000007191a4bd8}> (0x00000007191a4bd8) thrown at [./src/hotspot/share/prims/jvm.cpp, line 1306]
Event: 0.438 Thread 0x000001a450c8f800 Exception <a 'java/lang/NoSuchMethodError'{0x0000000718b2fac0}: 'int java.lang.invoke.DirectMethodHandle$Holder.invokeStaticInit(java.lang.Object, java.lang.Object, java.lang.Object, java.lang.Object)'> (0x0000000718b2fac0) thrown at [./src/hotspot/share/interpreter/linkResolver.cpp, line 773]
Event: 0.441 Thread 0x000001a450c8f800 Exception <a 'java/lang/IncompatibleClassChangeError'{0x0000000718b3b310}: Found class java.lang.Object, but interface was expected> (0x0000000718b3b310) thrown at [./src/hotspot/share/interpreter/linkResolver.cpp, line 839]
Event: 0.442 Thread 0x000001a450c8f800 Exception <a 'java/lang/NoSuchMethodError'{0x0000000718b3ebb0}: 'void java.lang.invoke.DirectMethodHandle$Holder.invokeStaticInit(java.lang.Object, java.lang.Object)'> (0x0000000718b3ebb0) thrown at [./src/hotspot/share/interpreter/linkResolver.cpp, line 773]
Event: 0.444 Thread 0x000001a450c8f800 Exception <a 'java/lang/NoSuchMethodError'{0x0000000718b46748}: 'int java.lang.invoke.DirectMethodHandle$Holder.invokeStaticInit(java.lang.Object, java.lang.Object)'> (0x0000000718b46748) thrown at [./src/hotspot/share/interpreter/linkResolver.cpp, line 773]
Event: 1.568 Thread 0x000001a450c8f800 Implicit null exception at 0x000001a460f34661 to 0x000001a460f35934
Event: 2.910 Thread 0x000001a450c8f800 Exception <a 'java/lang/NoSuchMethodError'{0x000000071651cf08}: 'java.lang.Object java.lang.invoke.DirectMethodHandle$Holder.invokeStatic(java.lang.Object, java.lang.Object, java.lang.Object, java.lang.Object, java.lang.Object, java.lang.Object, java.lang.Object, java.lang.Object, java.lang.Object, java.lang.Object, java.lang.Object, int)'> (0x000000071651cf08) thrown at [./src/hotspot/share/interpreter/linkResolver.cpp, line 773]
Event: 2.916 Thread 0x000001a450c8f800 Exception <a 'java/lang/NoSuchMethodError'{0x000000071653ca68}: 'java.lang.Object java.lang.invoke.DirectMethodHandle$Holder.invokeStatic(java.lang.Object, java.lang.Object, java.lang.Object, java.lang.Object, java.lang.Object, java.lang.Object, java.lang.Object, java.lang.Object, java.lang.Object, java.lang.Object, java.lang.Object, int, int)'> (0x000000071653ca68) thrown at [./src/hotspot/share/interpreter/linkResolver.cpp, line 773]
Event: 2.920 Thread 0x000001a450c8f800 Exception <a 'java/lang/NoSuchMethodError'{0x000000071655d1a8}: 'java.lang.Object java.lang.invoke.DirectMethodHandle$Holder.invokeStatic(java.lang.Object, java.lang.Object, java.lang.Object, java.lang.Object, java.lang.Object, java.lang.Object, java.lang.Object, java.lang.Object, java.lang.Object, java.lang.Object, java.lang.Object, int, int, java.lang.Object)'> (0x000000071655d1a8) thrown at [./src/hotspot/share/interpreter/linkResolver.cpp, line 773]
Event: 2.923 Thread 0x000001a450c8f800 Exception <a 'java/lang/NoSuchMethodError'{0x0000000716569500}: 'java.lang.Object java.lang.invoke.Invokers$Holder.linkToTargetMethod(java.lang.Object, int, java.lang.Object)'> (0x0000000716569500) thrown at [./src/hotspot/share/interpreter/linkResolver.cpp, line 773]

Events (20 events):
Event: 9.206 Executing VM operation: ChangeBreakpoints done
Event: 9.206 Executing VM operation: ChangeBreakpoints
Event: 9.206 Executing VM operation: ChangeBreakpoints done
Event: 9.206 Executing VM operation: ChangeBreakpoints
Event: 9.206 Executing VM operation: ChangeBreakpoints done
Event: 9.207 Executing VM operation: ChangeBreakpoints
Event: 9.207 Executing VM operation: ChangeBreakpoints done
Event: 9.207 Executing VM operation: ChangeBreakpoints
Event: 9.207 Executing VM operation: ChangeBreakpoints done
Event: 9.207 Executing VM operation: ChangeBreakpoints
Event: 9.207 Executing VM operation: ChangeBreakpoints done
Event: 9.207 Executing VM operation: ChangeBreakpoints
Event: 9.207 Executing VM operation: ChangeBreakpoints done
Event: 9.207 Executing VM operation: ChangeBreakpoints
Event: 9.207 Executing VM operation: ChangeBreakpoints done
Event: 9.207 Executing VM operation: ChangeBreakpoints
Event: 9.207 Executing VM operation: ChangeBreakpoints done
Event: 9.207 Executing VM operation: ChangeBreakpoints
Event: 9.207 Executing VM operation: ChangeBreakpoints done
Event: 9.208 Thread 0x000001a47552f000 Thread exited: 0x000001a47552f000


Dynamic libraries:
0x00007ff6a2be0000 - 0x00007ff6a2bed000 	C:\Users\zhang'song\.jdks\corretto-11.0.17\bin\java.exe
0x00007ffb2be70000 - 0x00007ffb2c084000 	C:\WINDOWS\SYSTEM32\ntdll.dll
0x00007ffb2ad90000 - 0x00007ffb2ae53000 	C:\WINDOWS\System32\KERNEL32.DLL
0x00007ffb29420000 - 0x00007ffb297bd000 	C:\WINDOWS\System32\KERNELBASE.dll
0x00007ffb29a80000 - 0x00007ffb29b91000 	C:\WINDOWS\System32\ucrtbase.dll
0x00007ffb257d0000 - 0x00007ffb257e9000 	C:\Users\zhang'song\.jdks\corretto-11.0.17\bin\VCRUNTIME140.dll
0x00007ffb257f0000 - 0x00007ffb25807000 	C:\Users\zhang'song\.jdks\corretto-11.0.17\bin\jli.dll
0x00007ffb2a5e0000 - 0x00007ffb2a78d000 	C:\WINDOWS\System32\USER32.dll
0x00007ffb298e0000 - 0x00007ffb29906000 	C:\WINDOWS\System32\win32u.dll
0x00007ffb0dda0000 - 0x00007ffb0e02e000 	C:\WINDOWS\WinSxS\amd64_microsoft.windows.common-controls_6595b64144ccf1df_6.0.22621.608_none_a9444ca7c10bb01d\COMCTL32.dll
0x00007ffb2b130000 - 0x00007ffb2b159000 	C:\WINDOWS\System32\GDI32.dll
0x00007ffb2b380000 - 0x00007ffb2b427000 	C:\WINDOWS\System32\msvcrt.dll
0x00007ffb29300000 - 0x00007ffb29412000 	C:\WINDOWS\System32\gdi32full.dll
0x00007ffb297c0000 - 0x00007ffb2985a000 	C:\WINDOWS\System32\msvcp_win.dll
0x00007ffb29db0000 - 0x00007ffb29de2000 	C:\WINDOWS\System32\IMM32.DLL
0x00007ffb17360000 - 0x00007ffb173fb000 	C:\Users\zhang'song\.jdks\corretto-11.0.17\bin\msvcp140.dll
0x00007ffae44c0000 - 0x00007ffae5045000 	C:\Users\zhang'song\.jdks\corretto-11.0.17\bin\server\jvm.dll
0x00007ffb2b6b0000 - 0x00007ffb2b75e000 	C:\WINDOWS\System32\ADVAPI32.dll
0x00007ffb29c60000 - 0x00007ffb29d04000 	C:\WINDOWS\System32\sechost.dll
0x00007ffb2b4d0000 - 0x00007ffb2b5e5000 	C:\WINDOWS\System32\RPCRT4.dll
0x00007ffb29d60000 - 0x00007ffb29d68000 	C:\WINDOWS\System32\PSAPI.DLL
0x00007ffb21980000 - 0x00007ffb219b4000 	C:\WINDOWS\SYSTEM32\WINMM.dll
0x00007ffb0bde0000 - 0x00007ffb0bde9000 	C:\WINDOWS\SYSTEM32\WSOCK32.dll
0x00007ffb1fcf0000 - 0x00007ffb1fcfa000 	C:\WINDOWS\SYSTEM32\VERSION.dll
0x00007ffb2b450000 - 0x00007ffb2b4c1000 	C:\WINDOWS\System32\WS2_32.dll
0x00007ffb282d0000 - 0x00007ffb282e8000 	C:\WINDOWS\SYSTEM32\kernel.appcore.dll
0x00007ffb25830000 - 0x00007ffb25840000 	C:\Users\zhang'song\.jdks\corretto-11.0.17\bin\verify.dll
0x00007ffb26950000 - 0x00007ffb26b7e000 	C:\WINDOWS\SYSTEM32\DBGHELP.DLL
0x00007ffb2b8d0000 - 0x00007ffb2bc5a000 	C:\WINDOWS\System32\combase.dll
0x00007ffb2bd50000 - 0x00007ffb2be27000 	C:\WINDOWS\System32\OLEAUT32.dll
0x00007ffb142c0000 - 0x00007ffb142f2000 	C:\WINDOWS\SYSTEM32\dbgcore.DLL
0x00007ffb29860000 - 0x00007ffb298db000 	C:\WINDOWS\System32\bcryptPrimitives.dll
0x00007ffb22660000 - 0x00007ffb22688000 	C:\Users\zhang'song\.jdks\corretto-11.0.17\bin\java.dll
0x00007ffb257c0000 - 0x00007ffb257ca000 	C:\Users\zhang'song\.jdks\corretto-11.0.17\bin\jimage.dll
0x00007ffb17300000 - 0x00007ffb17338000 	C:\Users\zhang'song\.jdks\corretto-11.0.17\bin\jdwp.dll
0x00007ffb252c0000 - 0x00007ffb252ce000 	C:\Users\zhang'song\.jdks\corretto-11.0.17\bin\instrument.dll
0x00007ffb25780000 - 0x00007ffb25798000 	C:\Users\zhang'song\.jdks\corretto-11.0.17\bin\zip.dll
0x00007ffb29df0000 - 0x00007ffb2a5df000 	C:\WINDOWS\System32\SHELL32.dll
0x00007ffb27270000 - 0x00007ffb27b38000 	C:\WINDOWS\SYSTEM32\windows.storage.dll
0x00007ffb27130000 - 0x00007ffb2726e000 	C:\WINDOWS\SYSTEM32\wintypes.dll
0x00007ffb2ae60000 - 0x00007ffb2af51000 	C:\WINDOWS\System32\SHCORE.dll
0x00007ffb2bc60000 - 0x00007ffb2bcbe000 	C:\WINDOWS\System32\shlwapi.dll
0x00007ffb291c0000 - 0x00007ffb291e1000 	C:\WINDOWS\SYSTEM32\profapi.dll
0x00007ffb172f0000 - 0x00007ffb172fa000 	C:\Users\zhang'song\.jdks\corretto-11.0.17\bin\dt_socket.dll
0x00007ffb28750000 - 0x00007ffb287b9000 	C:\WINDOWS\system32\mswsock.dll
0x00007ffb226a0000 - 0x00007ffb226b9000 	C:\Users\zhang'song\.jdks\corretto-11.0.17\bin\net.dll
0x00007ffb21db0000 - 0x00007ffb21edf000 	C:\WINDOWS\SYSTEM32\WINHTTP.dll
0x00007ffb17340000 - 0x00007ffb17353000 	C:\Users\zhang'song\.jdks\corretto-11.0.17\bin\nio.dll
0x000001a44ec60000 - 0x000001a44ec64000 	C:\Users\zhang'song\.javacpp\cache\javacpp-1.5.7-windows-x86_64.jar\org\bytedeco\javacpp\windows-x86_64\api-ms-win-crt-locale-l1-1-0.dll
0x000001a44ec70000 - 0x000001a44ec75000 	C:\Users\zhang'song\.javacpp\cache\javacpp-1.5.7-windows-x86_64.jar\org\bytedeco\javacpp\windows-x86_64\api-ms-win-crt-string-l1-1-0.dll
0x000001a44ec80000 - 0x000001a44ec85000 	C:\Users\zhang'song\.javacpp\cache\javacpp-1.5.7-windows-x86_64.jar\org\bytedeco\javacpp\windows-x86_64\api-ms-win-crt-stdio-l1-1-0.dll
0x000001a44ec90000 - 0x000001a44ec96000 	C:\Users\zhang'song\.javacpp\cache\javacpp-1.5.7-windows-x86_64.jar\org\bytedeco\javacpp\windows-x86_64\api-ms-win-crt-math-l1-1-0.dll
0x000001a44eca0000 - 0x000001a44eca4000 	C:\Users\zhang'song\.javacpp\cache\javacpp-1.5.7-windows-x86_64.jar\org\bytedeco\javacpp\windows-x86_64\api-ms-win-crt-heap-l1-1-0.dll
0x000001a450c10000 - 0x000001a450c15000 	C:\Users\zhang'song\.javacpp\cache\javacpp-1.5.7-windows-x86_64.jar\org\bytedeco\javacpp\windows-x86_64\api-ms-win-crt-runtime-l1-1-0.dll
0x000001a450c20000 - 0x000001a450c25000 	C:\Users\zhang'song\.javacpp\cache\javacpp-1.5.7-windows-x86_64.jar\org\bytedeco\javacpp\windows-x86_64\api-ms-win-crt-convert-l1-1-0.dll
0x000001a450c30000 - 0x000001a450c34000 	C:\Users\zhang'song\.javacpp\cache\javacpp-1.5.7-windows-x86_64.jar\org\bytedeco\javacpp\windows-x86_64\api-ms-win-crt-environment-l1-1-0.dll
0x000001a450c40000 - 0x000001a450c44000 	C:\Users\zhang'song\.javacpp\cache\javacpp-1.5.7-windows-x86_64.jar\org\bytedeco\javacpp\windows-x86_64\api-ms-win-crt-time-l1-1-0.dll
0x000001a450c50000 - 0x000001a450c54000 	C:\Users\zhang'song\.javacpp\cache\javacpp-1.5.7-windows-x86_64.jar\org\bytedeco\javacpp\windows-x86_64\api-ms-win-crt-filesystem-l1-1-0.dll
0x000001a475d10000 - 0x000001a475d14000 	C:\Users\zhang'song\.javacpp\cache\javacpp-1.5.7-windows-x86_64.jar\org\bytedeco\javacpp\windows-x86_64\api-ms-win-crt-utility-l1-1-0.dll
0x000001a476cf0000 - 0x000001a476cf6000 	C:\Users\zhang'song\.javacpp\cache\javacpp-1.5.7-windows-x86_64.jar\org\bytedeco\javacpp\windows-x86_64\api-ms-win-crt-multibyte-l1-1-0.dll
0x000001a476d00000 - 0x000001a476d04000 	C:\Users\zhang'song\.javacpp\cache\javacpp-1.5.7-windows-x86_64.jar\org\bytedeco\javacpp\windows-x86_64\api-ms-win-crt-conio-l1-1-0.dll
0x000001a476d10000 - 0x000001a476d21000 	C:\Users\zhang'song\.javacpp\cache\javacpp-1.5.7-windows-x86_64.jar\org\bytedeco\javacpp\windows-x86_64\api-ms-win-crt-private-l1-1-0.dll
0x000001a476d30000 - 0x000001a476d34000 	C:\Users\zhang'song\.javacpp\cache\javacpp-1.5.7-windows-x86_64.jar\org\bytedeco\javacpp\windows-x86_64\api-ms-win-crt-process-l1-1-0.dll
0x000001a476d40000 - 0x000001a476d44000 	C:\Users\zhang'song\.javacpp\cache\javacpp-1.5.7-windows-x86_64.jar\org\bytedeco\javacpp\windows-x86_64\api-ms-win-core-console-l1-2-0.dll
0x000001a476d50000 - 0x000001a476d54000 	C:\Users\zhang'song\.javacpp\cache\javacpp-1.5.7-windows-x86_64.jar\org\bytedeco\javacpp\windows-x86_64\api-ms-win-core-string-l1-1-0.dll
0x000001a476d60000 - 0x000001a476d64000 	C:\Users\zhang'song\.javacpp\cache\javacpp-1.5.7-windows-x86_64.jar\org\bytedeco\javacpp\windows-x86_64\api-ms-win-core-errorhandling-l1-1-0.dll
0x000001a476d70000 - 0x000001a476d74000 	C:\Users\zhang'song\.javacpp\cache\javacpp-1.5.7-windows-x86_64.jar\org\bytedeco\javacpp\windows-x86_64\api-ms-win-core-timezone-l1-1-0.dll
0x000001a476d80000 - 0x000001a476d85000 	C:\Users\zhang'song\.javacpp\cache\javacpp-1.5.7-windows-x86_64.jar\org\bytedeco\javacpp\windows-x86_64\api-ms-win-core-file-l1-1-0.dll
0x000001a476d90000 - 0x000001a476d94000 	C:\Users\zhang'song\.javacpp\cache\javacpp-1.5.7-windows-x86_64.jar\org\bytedeco\javacpp\windows-x86_64\api-ms-win-core-namedpipe-l1-1-0.dll
0x000001a476da0000 - 0x000001a476da4000 	C:\Users\zhang'song\.javacpp\cache\javacpp-1.5.7-windows-x86_64.jar\org\bytedeco\javacpp\windows-x86_64\api-ms-win-core-handle-l1-1-0.dll
0x000001a476db0000 - 0x000001a476db4000 	C:\Users\zhang'song\.javacpp\cache\javacpp-1.5.7-windows-x86_64.jar\org\bytedeco\javacpp\windows-x86_64\api-ms-win-core-file-l2-1-0.dll
0x000001a476dc0000 - 0x000001a476dc4000 	C:\Users\zhang'song\.javacpp\cache\javacpp-1.5.7-windows-x86_64.jar\org\bytedeco\javacpp\windows-x86_64\api-ms-win-core-heap-l1-1-0.dll
0x000001a476dd0000 - 0x000001a476dd4000 	C:\Users\zhang'song\.javacpp\cache\javacpp-1.5.7-windows-x86_64.jar\org\bytedeco\javacpp\windows-x86_64\api-ms-win-core-libraryloader-l1-1-0.dll
0x000001a476de0000 - 0x000001a476de4000 	C:\Users\zhang'song\.javacpp\cache\javacpp-1.5.7-windows-x86_64.jar\org\bytedeco\javacpp\windows-x86_64\api-ms-win-core-synch-l1-1-0.dll
0x000001a476df0000 - 0x000001a476df4000 	C:\Users\zhang'song\.javacpp\cache\javacpp-1.5.7-windows-x86_64.jar\org\bytedeco\javacpp\windows-x86_64\api-ms-win-core-processthreads-l1-1-0.dll
0x000001a476e00000 - 0x000001a476e04000 	C:\Users\zhang'song\.javacpp\cache\javacpp-1.5.7-windows-x86_64.jar\org\bytedeco\javacpp\windows-x86_64\api-ms-win-core-processenvironment-l1-1-0.dll
0x000001a476e10000 - 0x000001a476e14000 	C:\Users\zhang'song\.javacpp\cache\javacpp-1.5.7-windows-x86_64.jar\org\bytedeco\javacpp\windows-x86_64\api-ms-win-core-datetime-l1-1-0.dll
0x000001a476e20000 - 0x000001a476e24000 	C:\Users\zhang'song\.javacpp\cache\javacpp-1.5.7-windows-x86_64.jar\org\bytedeco\javacpp\windows-x86_64\api-ms-win-core-localization-l1-2-0.dll
0x000001a476e30000 - 0x000001a476e34000 	C:\Users\zhang'song\.javacpp\cache\javacpp-1.5.7-windows-x86_64.jar\org\bytedeco\javacpp\windows-x86_64\api-ms-win-core-sysinfo-l1-1-0.dll
0x000001a476e40000 - 0x000001a476e44000 	C:\Users\zhang'song\.javacpp\cache\javacpp-1.5.7-windows-x86_64.jar\org\bytedeco\javacpp\windows-x86_64\api-ms-win-core-synch-l1-2-0.dll
0x000001a476e50000 - 0x000001a476e54000 	C:\Users\zhang'song\.javacpp\cache\javacpp-1.5.7-windows-x86_64.jar\org\bytedeco\javacpp\windows-x86_64\api-ms-win-core-console-l1-1-0.dll
0x000001a476e60000 - 0x000001a476e64000 	C:\Users\zhang'song\.javacpp\cache\javacpp-1.5.7-windows-x86_64.jar\org\bytedeco\javacpp\windows-x86_64\api-ms-win-core-debug-l1-1-0.dll
0x000001a476e70000 - 0x000001a476e74000 	C:\Users\zhang'song\.javacpp\cache\javacpp-1.5.7-windows-x86_64.jar\org\bytedeco\javacpp\windows-x86_64\api-ms-win-core-rtlsupport-l1-1-0.dll
0x000001a476e80000 - 0x000001a476e84000 	C:\Users\zhang'song\.javacpp\cache\javacpp-1.5.7-windows-x86_64.jar\org\bytedeco\javacpp\windows-x86_64\api-ms-win-core-processthreads-l1-1-1.dll
0x000001a476e90000 - 0x000001a476e94000 	C:\Users\zhang'song\.javacpp\cache\javacpp-1.5.7-windows-x86_64.jar\org\bytedeco\javacpp\windows-x86_64\api-ms-win-core-file-l1-2-0.dll
0x000001a476ea0000 - 0x000001a476ea4000 	C:\Users\zhang'song\.javacpp\cache\javacpp-1.5.7-windows-x86_64.jar\org\bytedeco\javacpp\windows-x86_64\api-ms-win-core-profile-l1-1-0.dll
0x000001a476eb0000 - 0x000001a476eb4000 	C:\Users\zhang'song\.javacpp\cache\javacpp-1.5.7-windows-x86_64.jar\org\bytedeco\javacpp\windows-x86_64\api-ms-win-core-memory-l1-1-0.dll
0x000001a476ec0000 - 0x000001a476ec4000 	C:\Users\zhang'song\.javacpp\cache\javacpp-1.5.7-windows-x86_64.jar\org\bytedeco\javacpp\windows-x86_64\api-ms-win-core-util-l1-1-0.dll
0x000001a476ed0000 - 0x000001a476ed4000 	C:\Users\zhang'song\.javacpp\cache\javacpp-1.5.7-windows-x86_64.jar\org\bytedeco\javacpp\windows-x86_64\api-ms-win-core-interlocked-l1-1-0.dll
0x00007ffb16fe0000 - 0x00007ffb170f1000 	C:\Users\zhang'song\.javacpp\cache\javacpp-1.5.7-windows-x86_64.jar\org\bytedeco\javacpp\windows-x86_64\ucrtbase.dll
0x00007ffb172b0000 - 0x00007ffb172cb000 	C:\Users\zhang'song\.javacpp\cache\javacpp-1.5.7-windows-x86_64.jar\org\bytedeco\javacpp\windows-x86_64\vcruntime140.dll
0x00007ffb172a0000 - 0x00007ffb172ac000 	C:\Users\zhang'song\.javacpp\cache\javacpp-1.5.7-windows-x86_64.jar\org\bytedeco\javacpp\windows-x86_64\vcruntime140_1.dll
0x00007ffb16f50000 - 0x00007ffb16fdd000 	C:\Users\zhang'song\.javacpp\cache\javacpp-1.5.7-windows-x86_64.jar\org\bytedeco\javacpp\windows-x86_64\msvcp140.dll
0x00007ffb17290000 - 0x00007ffb17299000 	C:\Users\zhang'song\.javacpp\cache\javacpp-1.5.7-windows-x86_64.jar\org\bytedeco\javacpp\windows-x86_64\msvcp140_1.dll
0x00007ffb17180000 - 0x00007ffb171ce000 	C:\Users\zhang'song\.javacpp\cache\javacpp-1.5.7-windows-x86_64.jar\org\bytedeco\javacpp\windows-x86_64\concrt140.dll
0x00007ffb16f10000 - 0x00007ffb16f41000 	C:\Users\zhang'song\.javacpp\cache\javacpp-1.5.7-windows-x86_64.jar\org\bytedeco\javacpp\windows-x86_64\vcomp140.dll
0x00007ffb17250000 - 0x00007ffb1725e000 	C:\Users\zhang'song\.javacpp\cache\javacpp-1.5.7-windows-x86_64.jar\org\bytedeco\javacpp\windows-x86_64\jnijavacpp.dll
0x00007ffa6daa0000 - 0x00007ffa7213d000 	C:\Users\zhang'song\.javacpp\cache\llvm-13.0.1-1.5.7-windows-x86_64.jar\org\bytedeco\llvm\windows-x86_64\LTO.dll
0x00007ffb16ed0000 - 0x00007ffb16f0b000 	C:\Users\zhang'song\.javacpp\cache\llvm-13.0.1-1.5.7-windows-x86_64.jar\org\bytedeco\llvm\windows-x86_64\Remarks.dll
0x00007ffa69250000 - 0x00007ffa6daa0000 	C:\Users\zhang'song\.javacpp\cache\llvm-13.0.1-1.5.7-windows-x86_64.jar\org\bytedeco\llvm\windows-x86_64\jniLLVM.dll
0x00007ffb2b160000 - 0x00007ffb2b2fc000 	C:\WINDOWS\System32\ole32.dll

dbghelp: loaded successfully - version: 4.0.5 - missing functions: none
symbol engine: initialized successfully - sym options: 0x614 - pdb path: .;C:\Users\zhang'song\.jdks\corretto-11.0.17\bin;C:\WINDOWS\SYSTEM32;C:\WINDOWS\WinSxS\amd64_microsoft.windows.common-controls_6595b64144ccf1df_6.0.22621.608_none_a9444ca7c10bb01d;C:\Users\zhang'song\.jdks\corretto-11.0.17\bin\server;C:\Users\zhang'song\.javacpp\cache\javacpp-1.5.7-windows-x86_64.jar\org\bytedeco\javacpp\windows-x86_64;C:\Users\zhang'song\.javacpp\cache\llvm-13.0.1-1.5.7-windows-x86_64.jar\org\bytedeco\llvm\windows-x86_64

VM Arguments:
jvm_args: -agentlib:jdwp=transport=dt_socket,address=127.0.0.1:57635,suspend=y,server=n -javaagent:C:\Users\zhang'song\AppData\Local\JetBrains\IntelliJIdea2021.3\captureAgent\debugger-agent.jar -Dfile.encoding=UTF-8 
java_command: Main D:\text.txt
java_class_path (initial): D:\VirtualBox VMs\Ubuntu20.04\share\Lab\target\classes;C:\Users\zhang'song\.m2\repository\org\bytedeco\llvm-platform\13.0.1-1.5.7\llvm-platform-13.0.1-1.5.7.jar;C:\Users\zhang'song\.m2\repository\org\bytedeco\javacpp-platform\1.5.7\javacpp-platform-1.5.7.jar;C:\Users\zhang'song\.m2\repository\org\bytedeco\javacpp\1.5.7\javacpp-1.5.7.jar;C:\Users\zhang'song\.m2\repository\org\bytedeco\javacpp\1.5.7\javacpp-1.5.7-android-arm.jar;C:\Users\zhang'song\.m2\repository\org\bytedeco\javacpp\1.5.7\javacpp-1.5.7-android-arm64.jar;C:\Users\zhang'song\.m2\repository\org\bytedeco\javacpp\1.5.7\javacpp-1.5.7-android-x86.jar;C:\Users\zhang'song\.m2\repository\org\bytedeco\javacpp\1.5.7\javacpp-1.5.7-android-x86_64.jar;C:\Users\zhang'song\.m2\repository\org\bytedeco\javacpp\1.5.7\javacpp-1.5.7-ios-arm64.jar;C:\Users\zhang'song\.m2\repository\org\bytedeco\javacpp\1.5.7\javacpp-1.5.7-ios-x86_64.jar;C:\Users\zhang'song\.m2\repository\org\bytedeco\javacpp\1.5.7\javacpp-1.5.7-linux-armhf.jar;C:\Users\zhang'song\.m2\repository\org\bytedeco\javacpp\1.5.7\javacpp-1.5.7-linux-arm64.jar;C:\Users\zhang'song\.m2\repository\org\bytedeco\javacpp\1.5.7\javacpp-1.5.7-linux-ppc64le.jar;C:\Users\zhang'song\.m2\repository\org\bytedeco\javacpp\1.5.7\javacpp-1.5.7-linux-x86.jar;C:\Users\zhang'song\.m2\repository\org\bytedeco\javacpp\1.5.7\javacpp-1.5.7-linux-x86_64.jar;C:\Users\zhang'song\.m2\repository\org\bytedeco\javacpp\1.5.7\javacpp-1.5.7-macosx-arm64.jar;C:\Users\zhang'song\.m2\repository\org\bytedeco\javacpp\1.5.7\javacpp-1.5.7-macosx-x86_64.jar;C:\Users\zhang'song\.m2\repository\org\bytedeco\javacpp\1.5.7\javacpp-1.5.7-windows-x86.jar;C:\Users\zhang'song\.m2\repository\org\bytedeco\javacpp\1.5.7\javacpp-1.5.7-windows-x86_64.jar;C:\Users\zhang'song\.m2\repository\org\bytedeco\llvm\13.0.1-1.5.7\llvm-13.0.1-1.5.7.jar;C:\Users\zhang'song\.m2\repository\org\bytedeco\llvm\13.0.1-1.5.7\llvm-13.0.1-1.5.7-linux-x86.jar;C:\Users\zhang'song\.m2\repository\org\bytedeco\llvm\13.0
Launcher Type: SUN_STANDARD

[Global flags]
     intx CICompilerCount                          = 4                                         {product} {ergonomic}
     uint ConcGCThreads                            = 3                                         {product} {ergonomic}
     uint G1ConcRefinementThreads                  = 10                                        {product} {ergonomic}
   size_t G1HeapRegionSize                         = 1048576                                   {product} {ergonomic}
    uintx GCDrainStackTargetSize                   = 64                                        {product} {ergonomic}
   size_t InitialHeapSize                          = 257949696                                 {product} {ergonomic}
   size_t MarkStackSize                            = 4194304                                   {product} {ergonomic}
   size_t MaxHeapSize                              = 4127195136                                {product} {ergonomic}
   size_t MaxNewSize                               = 2475687936                                {product} {ergonomic}
   size_t MinHeapDeltaBytes                        = 1048576                                   {product} {ergonomic}
    uintx NonNMethodCodeHeapSize                   = 5836300                                {pd product} {ergonomic}
    uintx NonProfiledCodeHeapSize                  = 122910970                              {pd product} {ergonomic}
    uintx ProfiledCodeHeapSize                     = 122910970                              {pd product} {ergonomic}
    uintx ReservedCodeCacheSize                    = 251658240                              {pd product} {ergonomic}
     bool SegmentedCodeCache                       = true                                      {product} {ergonomic}
     bool UseCompressedClassPointers               = true                                 {lp64_product} {ergonomic}
     bool UseCompressedOops                        = true                                 {lp64_product} {ergonomic}
     bool UseG1GC                                  = true                                      {product} {ergonomic}
     bool UseLargePagesIndividualAllocation        = false                                  {pd product} {ergonomic}

Logging:
Log output configuration:
 #0: stdout all=warning uptime,level,tags
 #1: stderr all=off uptime,level,tags

Environment Variables:
JAVA_HOME=C:\Program Files\Java\jdk-16.0.1
PATH=C:\Program Files\Common Files\Oracle\Java\javapath;C:\Program Files\PlasticSCM5\server;C:\Program Files\PlasticSCM5\client;C:\WINDOWS\system32;C:\WINDOWS;C:\WINDOWS\System32\Wbem;C:\WINDOWS\System32\WindowsPowerShell\v1.0\;C:\WINDOWS\System32\OpenSSH\;C:\Program Files\Microsoft SQL Server\110\Tools\Binn\;C:\Program Files\Microsoft SQL Server\120\Tools\Binn\;";D:\sublime;C:\Users\zhang'song\AppData\Local\Programs\Python\Python37\python.exe;;D:\Git\Git\cmd";C:\Users\zhang'song\AppData\Roaming\npm;D:\\web\dll;C:\Program Files\python;C:\Program Files\python\Scripts;D:\BtSoft\panel\script;";C:\Program Files\nodejs\node_global\node_modules;C:\Program Files\nodejs\node_global\node_modules;C:\Program Files\nodejs\";C:\Program Files\CMake\bin;D:\LLVM\llvm-project\build\Debug\bin;C:\Users\zhang'song\AppData\Roaming\npm;D:\Git\Git\cmd;D:\Git\Git\bin;C:\Program Files\MySQL\MySQL Shell 8.0\bin\;D:\anaconda3;D:\anaconda3\Library\mingw-w64\bin;D:\anaconda3\Library\usr\bin;D:\anaconda3\Library\bin;D:\anaconda3\Scripts;C:\Users\zhang'song\AppData\Local\Programs\Python\Python37\;C:\Users\zhang'song\AppData\Local\Microsoft\WindowsApps;D:\PyCharmCommunity\python\PyCharm Community Edition 2020.3.3\bin;;D:\anaconda3\python.exe;D:\WebStorm\WebStorm 2021.3.1\bin;;D:\CLion\CLion 2021.3.3\bin;;D:\Datebase Grip\DataGrip 2021.3.4\bin;;D:\PhpStorm\PhpStorm 2021.3.3\bin;;C:\Program Files\nodejs\node_global;C:\Users\zhang'song\AppData\Roaming\npm;C:\Program Files\CMake\bin;D:\Git\Git\cmd\git.exe;
USERNAME=zhang'song
OS=Windows_NT
PROCESSOR_IDENTIFIER=AMD64 Family 23 Model 96 Stepping 1, AuthenticAMD
TMP=C:\Users\ZHANG'~1\AppData\Local\Temp
TEMP=C:\Users\ZHANG'~1\AppData\Local\Temp



---------------  S Y S T E M  ---------------

OS: Windows 11 , 64 bit Build 22621 (10.0.22621.963)
OS uptime: 1 days 2:45 hours
Hyper-V role detected

CPU:total 12 (initial active 12) (12 cores per cpu, 2 threads per core) family 23 model 96 stepping 1 microcode 0x0, cmov, cx8, fxsr, mmx, sse, sse2, sse3, ssse3, sse4.1, sse4.2, popcnt, avx, avx2, aes, clmul, mmxext, 3dnowpref, lzcnt, sse4a, ht, tsc, tscinvbit, tscinv, bmi1, bmi2, adx, sha, fma

Memory: 4k page, system-wide physical 15741M (7264M free)
TotalPageFile size 28541M (AvailPageFile size 10508M)
current process WorkingSet (physical memory assigned to process): 111M, peak: 132M
current process commit charge ("private bytes"): 344M, peak: 366M

vm_info: OpenJDK 64-Bit Server VM (11.0.17+8-LTS) for windows-amd64 JRE (11.0.17+8-LTS), built on Oct 14 2022 18:02:01 by "Administrator" with MS VC++ 15.9 (VS2017)

END.
